2023-09-06T09:32:36.076Z [info] [GET] - /employees/fetch, Status: 200, Message: Successfully fetched the employees
2023-09-06T09:34:22.001Z [info] [undefined] - undefined, Status: undefined, Message: Successfully fetched the employee
2023-09-06T09:42:49.574Z [info] [GET] - /employees/fetch/111, Status: 200, Message: Successfully fetched the employee
2023-09-06T09:57:52.541Z [info] [POST] - /employees/insert, Status: 200, Message: Employee inserted successfully
2023-09-06T09:58:58.814Z [info] [PUT] - /employees/update/113, Status: 200, Message: Employee updated successfully
2023-09-06T10:06:27.086Z [info] [PUT] - /employees/update/1000, Status: 200, Message: Employee updated successfully
2023-09-06T10:07:03.822Z [info] [PUT] - /employees/update/113, Status: 200, Message: Employee updated successfully
2023-09-06T10:07:15.040Z [info] [PUT] - /employees/update/1000, Status: 200, Message: Employee updated successfully
2023-09-06T10:11:38.167Z [info] [PUT] - /employees/update/1000, Status: 200, Message: Employee updated successfully
2023-09-06T10:11:55.705Z [info] [PUT] - /employees/update/1000, Status: 200, Message: Employee updated successfully
2023-09-06T10:12:47.598Z [info] [PUT] - /employees/update/1000, Status: 200, Message: Employee updated successfully
2023-09-06T10:13:29.418Z [info] [PUT] - /employees/update/1000, Status: 200, Message: Employee updated successfully
2023-09-06T10:25:31.216Z [error] [PUT] - /employees/update/1000, Status: 200, Message: Error while updating employee
2023-09-06T10:28:49.714Z [error] [PUT] - /employees/update/1000, Status: 200, Message: Error while updating employee
2023-09-06T10:41:40.476Z [error] [GET] - /employees/fetch/765, Status: 200, Message: Error while fetching employee
2023-09-06T10:45:17.682Z [error] [GET] - /employees/fetch/111, Status: 200, Message: Error while fetching employee
2023-09-06T10:47:16.586Z [error] [GET] - /employees/fetch/, Status: 200, Message: Error while fetching employees
2023-09-06T10:49:09.935Z [error] [GET] - /employees/fetch/111, Status: 200, Message: Error while fetching employee
2023-09-06T10:51:30.951Z [error] [GET] - /employees/fetch, Status: 200, Message: Error while fetching employees
2023-09-06T11:03:10.425Z [info] [undefined] - undefined, Status: undefined, Message: Successfully fetched the employees
2023-09-06T11:03:32.430Z [info] [GET] - /employees/fetch/111, Status: 200, Message: Successfully fetched the employee
2023-09-06T11:04:56.447Z [info] [GET] - /employees/fetch/, Status: 200, Message: Successfully fetched the employees
2023-09-06T11:05:03.093Z [info] [GET] - /employees/fetch/113, Status: 200, Message: Successfully fetched the employee
2023-09-06T11:05:49.385Z [info] [POST] - /employees/insert, Status: 200, Message: Employee inserted successfully
2023-09-06T11:06:12.986Z [error] [PUT] - /employees/update/7654, Status: 200, Message: Error while updating employee
2023-09-06T11:07:43.152Z [error] [GET] - /employees/fetch/876, Status: 404, Message: Employee not found
2023-09-06T11:37:29.003Z [error] [POST] - /employees/insert, Status: 400, Message: Invalid input data
2023-09-06T11:38:29.225Z [info] [POST] - /employees/insert, Status: 200, Message: Employee inserted successfully
2023-09-06T11:38:53.654Z [error] [PUT] - /employees/update/168, Status: 200, Message: Error while updating employee
2023-09-06T11:39:41.064Z [error] [PUT] - /employees/update/168, Status: 200, Message: Error while updating employee
2023-09-06T11:40:29.804Z [error] [PUT] - /employees/update/168, Status: 200, Message: Error while updating employee
2023-09-06T11:41:14.918Z [info] [PUT] - /employees/update/168, Status: 200, Message: Employee updated successfully
2023-09-06T11:41:22.407Z [info] [PUT] - /employees/update/999, Status: 200, Message: Employee updated successfully
2023-09-06T11:41:24.638Z [info] [PUT] - /employees/update/999, Status: 200, Message: Employee updated successfully
2023-09-06T11:43:37.196Z [info] [PUT] - /employees/update/999, Status: 200, Message: Employee updated successfully
2023-09-06T11:43:38.617Z [info] [PUT] - /employees/update/999, Status: 200, Message: Employee updated successfully
2023-09-06T11:43:39.787Z [info] [PUT] - /employees/update/999, Status: 200, Message: Employee updated successfully
2023-09-06T11:44:38.371Z [info] [DELETE] - /employees/delete/168, Status: 200, Message: Employee deleted successfully
2023-09-06T11:44:44.255Z [error] [DELETE] - /employees/delete/adav, Status: 400, Message: Invalid input data
2023-09-06T12:07:40.061Z [info] [GET] - /employees/fetch, Status: 200, Message: Successfully fetched the employees
2023-09-06T12:08:43.240Z [info] [GET] - /employees/fetch/199, Status: 200, Message: Successfully fetched the employee
2023-09-06T12:09:27.223Z [info] [GET] - /employees/fetch/199, Status: 200, Message: Successfully fetched the employee, Request Body: {"EmpID":168,"EmpName":"prabhunath bhai","EmpSal":4000}
2023-09-06T12:09:32.931Z [info] [GET] - /employees/fetch/111, Status: 200, Message: Successfully fetched the employee, Request Body: {"EmpID":168,"EmpName":"prabhunath bhai","EmpSal":4000}
2023-09-06T12:13:10.720Z [info] [GET] - /employees/fetch/111, Status: 200, Message: Successfully fetched the employee, Request Body: {}
2023-09-06T12:22:53.714Z [info] [GET] - /employees/fetch, Status: 200, Message: Successfully fetched the employees, Request Body: {}, SQL Query: SELECT * FROM employees
2023-09-06T12:35:49.194Z [info] [GET] - /employees/fetch, Status: 200, Message: Successfully fetched the employees, Request Body: {}, Response Body: [{"EmpID":111,"EmpName":"Aniketa","EmpSal":40000898},{"EmpID":113,"EmpName":"prajuallll","EmpSal":123456},{"EmpID":151,"EmpName":"Gaurav Mishraaaa","EmpSal":70000000},{"EmpID":199,"EmpName":"ayushi","EmpSal":12345676}], SQL Query: SELECT * FROM employees
2023-09-06T12:35:53.716Z [info] [GET] - /employees/fetch/111, Status: 200, Message: Successfully fetched the employee, Request Body: {}, Response Body: [{"EmpID":111,"EmpName":"Aniketa","EmpSal":40000898}]
2023-09-06T12:36:29.613Z [info] [POST] - /employees/insert, Status: 200, Message: Employee inserted successfully, Request Body: {"EmpID":190,"EmpName":"Ankita","EmpSal":45654}, Response Body: {}, SQL Query: INSERT INTO employees (EmpID, EmpName, EmpSal) VALUES (?, ?, ?)
2023-09-06T12:36:48.246Z [error] [POST] - /employees/insert, Status: 200, Message: Error while inserting employee, Request Body: {"EmpID":190,"EmpName":765,"EmpSal":45654}, SQL Query: INSERT INTO employees (EmpID, EmpName, EmpSal) VALUES (?, ?, ?)
2023-09-06T12:36:57.125Z [info] [POST] - /employees/insert, Status: 200, Message: Employee inserted successfully, Request Body: {"EmpID":191,"EmpName":765,"EmpSal":45654}, Response Body: {}, SQL Query: INSERT INTO employees (EmpID, EmpName, EmpSal) VALUES (?, ?, ?)
2023-09-06T12:37:33.007Z [info] [PUT] - /employees/update/191, Status: 200, Message: Employee updated successfully, Request Body: {"EmpID":191,"EmpName":"Gaurav j","EmpSal":45654}, SQL Query: UPDATE employees SET EmpName = ?, EmpSal = ? WHERE EmpID = ?
2023-09-06T12:37:41.646Z [error] [PUT] - /employees/update/191, Status: 200, Message: Error while updating employee, Request Body: {"EmpID":191,"EmpName":"Gaurav j","EmpSal":"gaurva"}, SQL Query: UPDATE employees SET EmpName = ?, EmpSal = ? WHERE EmpID = ?
2023-09-06T12:38:02.236Z [info] [DELETE] - /employees/delete/191, Status: 200, Message: Employee deleted successfully, Request Body: {"EmpID":191,"EmpName":"Gaurav j","EmpSal":"gaurva"}, Response Body: {"message":"Employee deleted successfully"}, SQL Query: DELETE FROM employees WHERE EmpID = ?
2023-09-06T12:38:07.425Z [error] [DELETE] - /employees/delete/agah, Status: 200, Message: Error while deleting employee, Request Body: {"EmpID":191,"EmpName":"Gaurav j","EmpSal":"gaurva"}, SQL Query: DELETE FROM employees WHERE EmpID = ?
2023-09-06T12:38:19.374Z [info] [DELETE] - /employees/delete/765, Status: 200, Message: Employee deleted successfully, Request Body: {"EmpID":191,"EmpName":"Gaurav j","EmpSal":"gaurva"}, Response Body: {"message":"Employee deleted successfully"}, SQL Query: DELETE FROM employees WHERE EmpID = ?
2023-09-07T05:17:45.834Z [info] [GET] - /employees/fetch/111, Status: 200, Message: Successfully fetched the employee, Request Body: {"EmpID":191,"EmpName":"Gaurav j","EmpSal":"gaurva"}, Response Body: [{"EmpID":111,"EmpName":"Aniketa","EmpSal":40000898}]
2023-09-07T05:25:32.334Z [info] [GET] - /employees/fetch/111, Status: 200, Message: Successfully fetched the employee, Request Body: {"EmpID":191,"EmpName":"Gaurav j","EmpSal":"gaurva"}, Response Body: [{"EmpID":111,"EmpName":"Aniketa","EmpSal":40000898}]
2023-09-07T05:28:12.209Z [info] [DELETE] - /employees/delete/111, Status: 200, Message: Employee deleted successfully, Request Body: {"EmpID":191,"EmpName":"Gaurav j","EmpSal":"gaurva"}, Response Body: {"message":"Employee deleted successfully"}, SQL Query: DELETE FROM employees WHERE EmpID = 111
2023-09-07T05:29:52.563Z [info] [GET] - /employees/fetch, Status: 200, Message: Successfully fetched the employees, Request Body: {"EmpID":191,"EmpName":"Gaurav j","EmpSal":"gaurva"}, Response Body: [{"EmpID":113,"EmpName":"prajuallll","EmpSal":123456},{"EmpID":151,"EmpName":"Gaurav Mishraaaa","EmpSal":70000000},{"EmpID":190,"EmpName":"Ankita","EmpSal":45654},{"EmpID":199,"EmpName":"ayushi","EmpSal":12345676}], SQL Query: SELECT * FROM employees
2023-09-07T05:29:59.444Z [info] [GET] - /employees/fetch/113, Status: 200, Message: Successfully fetched the employee, Request Body: {"EmpID":191,"EmpName":"Gaurav j","EmpSal":"gaurva"}, Response Body: [{"EmpID":113,"EmpName":"prajuallll","EmpSal":123456}]
2023-09-07T05:41:06.034Z [info] [POST] - /employees/insert, Status: 200, Message: Employee inserted successfully, Request Body: {"EmpID":111,"EmpName":"aniket","EmpSal":65000}, Response Body: {}, SQL Query: INSERT INTO employees (EmpID, EmpName, EmpSal) VALUES (111, aniket, 65000)
2023-09-07T05:42:18.061Z [error] [POST] - /employees/insert, Status: 200, Message: Error while inserting employee, Request Body: {"EmpID":111,"EmpName":"aniket","EmpSal":"gsgsgs"}, SQL Query: INSERT INTO employees (EmpID, EmpName, EmpSal) VALUES (111, aniket, gsgsgs)
2023-09-07T05:55:35.584Z [info] [POST] - /employees/insert, Status: 200, Message: Employee inserted successfully, Request Body: {"EmpID":876,"EmpName":"Aniket patil","EmpSal":87000}, Response Body: {}, SQL Query: INSERT INTO employees (EmpID, EmpName, EmpSal) VALUES (876, Aniket patil, 87000)
2023-09-07T05:55:45.272Z [error] [POST] - /employees/insert, Status: 500, Message: Error while inserting employee, Request Body: {"EmpID":876,"EmpName":"Aniket patil","EmpSal":"87000"}, SQL Query: INSERT INTO employees (EmpID, EmpName, EmpSal) VALUES (876, Aniket patil, 87000)
2023-09-07T05:55:54.964Z [info] [POST] - /employees/insert, Status: 200, Message: Employee inserted successfully, Request Body: {"EmpID":877,"EmpName":"Aniket patil","EmpSal":"87000"}, Response Body: {}, SQL Query: INSERT INTO employees (EmpID, EmpName, EmpSal) VALUES (877, Aniket patil, 87000)
2023-09-07T06:03:22.108Z [error] [POST] - /employees/insert, Status: 500, Message: Error while inserting employee, Request Body: {"EmpID":877,"EmpName":"Aniket patilaa","EmpSal":87000}, SQL Query: INSERT INTO employees (EmpID, EmpName, EmpSal) VALUES (877, Aniket patilaa, 87000)
2023-09-07T06:09:35.506Z [error] [POST] - /employees/insert, Status: 500, Message: Error while inserting employee, Error:Duplicate entry '877' for key 'employees.PRIMARY', Request Body: {"EmpID":877,"EmpName":"Aniket patilaa","EmpSal":87000}, SQL Query: INSERT INTO employees (EmpID, EmpName, EmpSal) VALUES (877, Aniket patilaa, 87000)
2023-09-07T06:37:37.130Z [info] [GET] - /employees/fetch, Status: 200, Message: Successfully fetched the employees, Error:undefined, Request Body: {"EmpID":877,"EmpName":"Aniket patilaa","EmpSal":87000}, Response Body: [{"EmpID":111,"EmpName":"aniket","EmpSal":65000},{"EmpID":113,"EmpName":"prajuallll","EmpSal":123456},{"EmpID":151,"EmpName":"Gaurav Mishraaaa","EmpSal":70000000},{"EmpID":190,"EmpName":"Ankita","EmpSal":45654},{"EmpID":199,"EmpName":"ayushi","EmpSal":12345676},{"EmpID":876,"EmpName":"Aniket patil","EmpSal":87000},{"EmpID":877,"EmpName":"Aniket patil","EmpSal":87000}], SQL Query: SELECT * FROM employees
2023-09-07T06:56:42.560Z [info] [GET] - /employees/fetch/111, Status: 200, Message: Successfully fetched the employee, Error:undefined, Request Body: {"EmpID":877,"EmpName":"Aniket patilaa","EmpSal":87000}, Response Body: [{"EmpID":111,"EmpName":"aniket","EmpSal":65000}], SQL Query: SELECT * FROM employees where EmpID = 111
2023-09-07T07:19:10.090Z [info] [GET] - /employees/fetch, Status: 200, Message: Successfully fetched the employees, Error:undefined, Request Body: {"EmpID":877,"EmpName":"Aniket patilaa","EmpSal":87000}, Response Body: [{"EmpID":111,"EmpName":"aniket","EmpSal":65000},{"EmpID":113,"EmpName":"prajuallll","EmpSal":123456},{"EmpID":151,"EmpName":"Gaurav Mishraaaa","EmpSal":70000000},{"EmpID":190,"EmpName":"Ankita","EmpSal":45654},{"EmpID":199,"EmpName":"ayushi","EmpSal":12345676},{"EmpID":876,"EmpName":"Aniket patil","EmpSal":87000},{"EmpID":877,"EmpName":"Aniket patil","EmpSal":87000}]
2023-09-07T07:19:13.963Z [info] [GET] - /employees/fetch/111, Status: 200, Message: Successfully fetched the employee, Error:undefined, Request Body: {"EmpID":877,"EmpName":"Aniket patilaa","EmpSal":87000}, Response Body: [{"EmpID":111,"EmpName":"aniket","EmpSal":65000}]
2023-09-07T07:19:40.739Z [error] [POST] - /employees/insert, Status: 500, Message: Error while inserting employee, Error:You have an error in your SQL syntax; check the manual that corresponds to your MySQL server version for the right syntax to use near 'patilaa, 85000)' at line 1, Request Body: {"EmpID":879,"EmpName":"Aniketaa patilaa","EmpSal":85000}
2023-09-07T07:22:23.162Z [error] [POST] - /employees/insert, Status: 500, Message: Error while inserting employee, Error:You have an error in your SQL syntax; check the manual that corresponds to your MySQL server version for the right syntax to use near 'patilaa, 85000)' at line 1, Request Body: {"EmpID":879,"EmpName":"Aniketaa patilaa","EmpSal":85000}
2023-09-07T08:54:51.409Z [info] [GET] - /employees/fetch, Status: 200, Message: Successfully fetched the employees, Error:undefined, Request Body: {"EmpID":879,"EmpName":"Aniketaa patilaa","EmpSal":85000}, Response Body: [{"EmpID":111,"EmpName":"aniket","EmpSal":65000},{"EmpID":113,"EmpName":"prajuallll","EmpSal":123456},{"EmpID":151,"EmpName":"Gaurav Mishraaaa","EmpSal":70000000},{"EmpID":190,"EmpName":"Ankita","EmpSal":45654},{"EmpID":199,"EmpName":"ayushi","EmpSal":12345676},{"EmpID":876,"EmpName":"Aniket patil","EmpSal":87000},{"EmpID":877,"EmpName":"Aniket patil","EmpSal":87000}]
2023-09-07T08:55:02.921Z [info] [GET] - /employees/fetch/190, Status: 200, Message: Successfully fetched the employee, Error:undefined, Request Body: {"EmpID":879,"EmpName":"Aniketaa patilaa","EmpSal":85000}, Response Body: [{"EmpID":190,"EmpName":"Ankita","EmpSal":45654}]
2023-09-07T08:55:31.901Z [error] [POST] - /employees/insert, Status: 500, Message: Error while inserting employee, Error:Unknown column 'Ankesh' in 'field list', Request Body: {"EmpID":390,"EmpName":"Ankesh","EmpSal":67000}
2023-09-07T09:04:47.490Z [info] [POST] - /employees/insert, Status: 200, Message: Employee inserted successfully, Error:undefined, Request Body: {"EmpID":390,"EmpName":"Ankesh","EmpSal":67000}, Response Body: {}
2023-09-07T09:11:50.769Z [info] [POST] - /employees/insert, Status: 200, Message: Employee inserted successfully, Error:undefined, Request Body: {"EmpID":391,"EmpName":"Aniikesh","EmpSal":67000}, Response Body: {}
2023-09-07T09:14:23.165Z [info] [POST] - /employees/insert, Status: 200, Message: Employee inserted successfully, Error:undefined, Request Body: {"EmpID":392,"EmpName":"Aniikesh pratap","EmpSal":67000}, Response Body: {}
2023-09-07T09:16:34.787Z [info] [GET] - /employees/fetch, Status: 200, Message: Successfully fetched the employees, Error:undefined, Request Body: {"EmpID":392,"EmpName":"Aniikesh pratap","EmpSal":67000}, Response Body: [{"EmpID":111,"EmpName":"aniket","EmpSal":65000},{"EmpID":113,"EmpName":"prajuallll","EmpSal":123456},{"EmpID":151,"EmpName":"Gaurav Mishraaaa","EmpSal":70000000},{"EmpID":190,"EmpName":"Ankita","EmpSal":45654},{"EmpID":199,"EmpName":"ayushi","EmpSal":12345676},{"EmpID":390,"EmpName":"Ankesh","EmpSal":67000},{"EmpID":391,"EmpName":"Aniikesh","EmpSal":67000},{"EmpID":392,"EmpName":"Aniikesh pratap","EmpSal":67000},{"EmpID":876,"EmpName":"Aniket patil","EmpSal":87000},{"EmpID":877,"EmpName":"Aniket patil","EmpSal":87000}]
2023-09-07T09:16:38.933Z [info] [GET] - /employees/fetch/111, Status: 200, Message: Successfully fetched the employee, Error:undefined, Request Body: {"EmpID":392,"EmpName":"Aniikesh pratap","EmpSal":67000}, Response Body: [{"EmpID":111,"EmpName":"aniket","EmpSal":65000}]
2023-09-07T09:28:19.320Z [info] [GET] - /employees/fetch, Status: 200, Message: Successfully fetched the employees, Error:undefined, Request Body: {"EmpID":392,"EmpName":"Aniikesh pratap","EmpSal":67000}, Response Body: [{"EmpID":111,"EmpName":"aniket","EmpSal":65000},{"EmpID":113,"EmpName":"prajuallll","EmpSal":123456},{"EmpID":151,"EmpName":"Gaurav Mishraaaa","EmpSal":70000000},{"EmpID":190,"EmpName":"Ankita","EmpSal":45654},{"EmpID":199,"EmpName":"ayushi","EmpSal":12345676},{"EmpID":390,"EmpName":"Ankesh","EmpSal":67000},{"EmpID":391,"EmpName":"Aniikesh","EmpSal":67000},{"EmpID":392,"EmpName":"Aniikesh pratap","EmpSal":67000},{"EmpID":876,"EmpName":"Aniket patil","EmpSal":87000},{"EmpID":877,"EmpName":"Aniket patil","EmpSal":87000}]
2023-09-07T09:30:13.483Z [info] [GET] - /employees/fetch, Status: 200, Message: Successfully fetched the employees, Error:undefined, Request Body: {"EmpID":392,"EmpName":"Aniikesh pratap","EmpSal":67000}, Response Body: [{"EmpID":111,"EmpName":"aniket","EmpSal":65000},{"EmpID":113,"EmpName":"prajuallll","EmpSal":123456},{"EmpID":151,"EmpName":"Gaurav Mishraaaa","EmpSal":70000000},{"EmpID":190,"EmpName":"Ankita","EmpSal":45654},{"EmpID":199,"EmpName":"ayushi","EmpSal":12345676},{"EmpID":390,"EmpName":"Ankesh","EmpSal":67000},{"EmpID":391,"EmpName":"Aniikesh","EmpSal":67000},{"EmpID":392,"EmpName":"Aniikesh pratap","EmpSal":67000},{"EmpID":876,"EmpName":"Aniket patil","EmpSal":87000},{"EmpID":877,"EmpName":"Aniket patil","EmpSal":87000}]
2023-09-07T09:35:56.325Z [info] [GET] - /employees/fetch, Status: 200, Message: Successfully fetched the employees, Request Body: {"EmpID":392,"EmpName":"Aniikesh pratap","EmpSal":67000}, Response Body: [{"EmpID":111,"EmpName":"aniket","EmpSal":65000},{"EmpID":113,"EmpName":"prajuallll","EmpSal":123456},{"EmpID":151,"EmpName":"Gaurav Mishraaaa","EmpSal":70000000},{"EmpID":190,"EmpName":"Ankita","EmpSal":45654},{"EmpID":199,"EmpName":"ayushi","EmpSal":12345676},{"EmpID":390,"EmpName":"Ankesh","EmpSal":67000},{"EmpID":391,"EmpName":"Aniikesh","EmpSal":67000},{"EmpID":392,"EmpName":"Aniikesh pratap","EmpSal":67000},{"EmpID":876,"EmpName":"Aniket patil","EmpSal":87000},{"EmpID":877,"EmpName":"Aniket patil","EmpSal":87000}]
2023-09-07T09:36:46.750Z [info] [GET] - /employees/fetch, Status: 200, Message: Successfully fetched the employees, Request Body: {"EmpID":392,"EmpName":"Aniikesh pratap","EmpSal":67000}, Response Body: [{"EmpID":111,"EmpName":"aniket","EmpSal":65000},{"EmpID":113,"EmpName":"prajuallll","EmpSal":123456},{"EmpID":151,"EmpName":"Gaurav Mishraaaa","EmpSal":70000000},{"EmpID":190,"EmpName":"Ankita","EmpSal":45654},{"EmpID":199,"EmpName":"ayushi","EmpSal":12345676},{"EmpID":390,"EmpName":"Ankesh","EmpSal":67000},{"EmpID":391,"EmpName":"Aniikesh","EmpSal":67000},{"EmpID":392,"EmpName":"Aniikesh pratap","EmpSal":67000},{"EmpID":876,"EmpName":"Aniket patil","EmpSal":87000},{"EmpID":877,"EmpName":"Aniket patil","EmpSal":87000}]
2023-09-07T09:40:10.940Z [info] [GET] - /employees/fetch, Status: 200, Message: Successfully fetched the employees, Request Body: {"EmpID":392,"EmpName":"Aniikesh pratap","EmpSal":67000}, Response Body: [{"EmpID":111,"EmpName":"aniket","EmpSal":65000},{"EmpID":113,"EmpName":"prajuallll","EmpSal":123456},{"EmpID":151,"EmpName":"Gaurav Mishraaaa","EmpSal":70000000},{"EmpID":190,"EmpName":"Ankita","EmpSal":45654},{"EmpID":199,"EmpName":"ayushi","EmpSal":12345676},{"EmpID":390,"EmpName":"Ankesh","EmpSal":67000},{"EmpID":391,"EmpName":"Aniikesh","EmpSal":67000},{"EmpID":392,"EmpName":"Aniikesh pratap","EmpSal":67000},{"EmpID":876,"EmpName":"Aniket patil","EmpSal":87000},{"EmpID":877,"EmpName":"Aniket patil","EmpSal":87000}]
2023-09-07T09:40:56.483Z [info] [GET] - /employees/fetch, Status: 200, Message: Successfully fetched the employees, Request Body: {"EmpID":392,"EmpName":"Aniikesh pratap","EmpSal":67000}, Response Body: [{"EmpID":111,"EmpName":"aniket","EmpSal":65000},{"EmpID":113,"EmpName":"prajuallll","EmpSal":123456},{"EmpID":151,"EmpName":"Gaurav Mishraaaa","EmpSal":70000000},{"EmpID":190,"EmpName":"Ankita","EmpSal":45654},{"EmpID":199,"EmpName":"ayushi","EmpSal":12345676},{"EmpID":390,"EmpName":"Ankesh","EmpSal":67000},{"EmpID":391,"EmpName":"Aniikesh","EmpSal":67000},{"EmpID":392,"EmpName":"Aniikesh pratap","EmpSal":67000},{"EmpID":876,"EmpName":"Aniket patil","EmpSal":87000},{"EmpID":877,"EmpName":"Aniket patil","EmpSal":87000}]
2023-09-07T09:55:42.079Z [info] [GET] - /employees/fetch, Status: 200, Message: Successfully fetched the employees, Request Body: {"EmpID":392,"EmpName":"Aniikesh pratap","EmpSal":67000}, Response Body: [{"EmpID":111,"EmpName":"aniket","EmpSal":65000},{"EmpID":113,"EmpName":"prajuallll","EmpSal":123456},{"EmpID":151,"EmpName":"Gaurav Mishraaaa","EmpSal":70000000},{"EmpID":190,"EmpName":"Ankita","EmpSal":45654},{"EmpID":199,"EmpName":"ayushi","EmpSal":12345676},{"EmpID":390,"EmpName":"Ankesh","EmpSal":67000},{"EmpID":391,"EmpName":"Aniikesh","EmpSal":67000},{"EmpID":392,"EmpName":"Aniikesh pratap","EmpSal":67000},{"EmpID":876,"EmpName":"Aniket patil","EmpSal":87000},{"EmpID":877,"EmpName":"Aniket patil","EmpSal":87000}]
2023-09-07T10:25:29.429Z [info] [GET] - /employees/fetch/111, Status: 200, Message: Successfully fetched the employee, Request Body: {"EmpID":392,"EmpName":"Aniikesh pratap","EmpSal":67000}, Response Body: [{"EmpID":111,"EmpName":"aniket","EmpSal":65000}]
2023-09-07T10:30:38.753Z [info] [undefined] - undefined, Status: undefined, Message: Sql Query: SELECT * FROM employees
2023-09-07T10:30:38.754Z [info] [GET] - /employees/fetch/, Status: 200, Message: Successfully fetched the employees, Request Body: {"EmpID":392,"EmpName":"Aniikesh pratap","EmpSal":67000}, Response Body: [{"EmpID":111,"EmpName":"aniket","EmpSal":65000},{"EmpID":113,"EmpName":"prajuallll","EmpSal":123456},{"EmpID":151,"EmpName":"Gaurav Mishraaaa","EmpSal":70000000},{"EmpID":190,"EmpName":"Ankita","EmpSal":45654},{"EmpID":199,"EmpName":"ayushi","EmpSal":12345676},{"EmpID":390,"EmpName":"Ankesh","EmpSal":67000},{"EmpID":391,"EmpName":"Aniikesh","EmpSal":67000},{"EmpID":392,"EmpName":"Aniikesh pratap","EmpSal":67000},{"EmpID":876,"EmpName":"Aniket patil","EmpSal":87000},{"EmpID":877,"EmpName":"Aniket patil","EmpSal":87000}]
2023-09-07T10:35:34.216Z [info] [undefined] - undefined, Status: undefined, Message: Sql Query: SELECT * FROM employees
2023-09-07T10:35:34.218Z [info] [GET] - /employees/fetch/, Status: 200, Message: Successfully fetched the employees, Request Body: {"EmpID":392,"EmpName":"Aniikesh pratap","EmpSal":67000}, Response Body: [{"EmpID":111,"EmpName":"aniket","EmpSal":65000},{"EmpID":113,"EmpName":"prajuallll","EmpSal":123456},{"EmpID":151,"EmpName":"Gaurav Mishraaaa","EmpSal":70000000},{"EmpID":190,"EmpName":"Ankita","EmpSal":45654},{"EmpID":199,"EmpName":"ayushi","EmpSal":12345676},{"EmpID":390,"EmpName":"Ankesh","EmpSal":67000},{"EmpID":391,"EmpName":"Aniikesh","EmpSal":67000},{"EmpID":392,"EmpName":"Aniikesh pratap","EmpSal":67000},{"EmpID":876,"EmpName":"Aniket patil","EmpSal":87000},{"EmpID":877,"EmpName":"Aniket patil","EmpSal":87000}]
2023-09-07T10:50:38.109Z [error] [GET] - /employees/fetch/, Status: 500, Message: Error while fetching employees, Error: req is not defined, Request Body: {"EmpID":392,"EmpName":"Aniikesh pratap","EmpSal":67000}
2023-09-07T10:52:34.988Z [info] [GET] - /employees/fetch/111, Status: 200, Message: Successfully fetched the employee, Request Body: {"EmpID":392,"EmpName":"Aniikesh pratap","EmpSal":67000}, Response Body: [{"EmpID":111,"EmpName":"aniket","EmpSal":65000}]
2023-09-07T10:55:10.593Z [info] [GET] - /employees/fetch/, Status: 200, Message: Successfully fetched the employees, Request Body: {"EmpID":392,"EmpName":"Aniikesh pratap","EmpSal":67000}, Response Body: [{"EmpID":111,"EmpName":"aniket","EmpSal":65000},{"EmpID":113,"EmpName":"prajuallll","EmpSal":123456},{"EmpID":151,"EmpName":"Gaurav Mishraaaa","EmpSal":70000000},{"EmpID":190,"EmpName":"Ankita","EmpSal":45654},{"EmpID":199,"EmpName":"ayushi","EmpSal":12345676},{"EmpID":390,"EmpName":"Ankesh","EmpSal":67000},{"EmpID":391,"EmpName":"Aniikesh","EmpSal":67000},{"EmpID":392,"EmpName":"Aniikesh pratap","EmpSal":67000},{"EmpID":876,"EmpName":"Aniket patil","EmpSal":87000},{"EmpID":877,"EmpName":"Aniket patil","EmpSal":87000}]
2023-09-07T10:57:28.380Z [error] [GET] - /employees/fetch/, Status: 500, Message: Error while fetching employees, Error: Cannot create property 'Symbol(level)' on string 'Sql Query: SELECT * FROM employees', Request Body: {"EmpID":392,"EmpName":"Aniikesh pratap","EmpSal":67000}
2023-09-07T10:57:59.092Z [error] [GET] - /employees/fetch, Status: 500, Message: Error while fetching employees, Error: Cannot create property 'Symbol(level)' on string 'Sql Query: SELECT * FROM employees', Request Body: {"EmpID":392,"EmpName":"Aniikesh pratap","EmpSal":67000}
2023-09-07T10:58:04.483Z [info] [GET] - /employees/fetch/111, Status: 200, Message: Successfully fetched the employee, Request Body: {"EmpID":392,"EmpName":"Aniikesh pratap","EmpSal":67000}, Response Body: [{"EmpID":111,"EmpName":"aniket","EmpSal":65000}]
2023-09-07T11:00:34.323Z [info] [undefined] - undefined, Status: undefined, Message: Sql Query: SELECT * FROM employees
2023-09-07T11:00:34.324Z [info] [GET] - /employees/fetch, Status: 200, Message: Successfully fetched the employees, Request Body: {"EmpID":392,"EmpName":"Aniikesh pratap","EmpSal":67000}, Response Body: [{"EmpID":111,"EmpName":"aniket","EmpSal":65000},{"EmpID":113,"EmpName":"prajuallll","EmpSal":123456},{"EmpID":151,"EmpName":"Gaurav Mishraaaa","EmpSal":70000000},{"EmpID":190,"EmpName":"Ankita","EmpSal":45654},{"EmpID":199,"EmpName":"ayushi","EmpSal":12345676},{"EmpID":390,"EmpName":"Ankesh","EmpSal":67000},{"EmpID":391,"EmpName":"Aniikesh","EmpSal":67000},{"EmpID":392,"EmpName":"Aniikesh pratap","EmpSal":67000},{"EmpID":876,"EmpName":"Aniket patil","EmpSal":87000},{"EmpID":877,"EmpName":"Aniket patil","EmpSal":87000}]
2023-09-07T11:02:00.782Z [info] [undefined] - undefined, Status: undefined, Message: Sql Query: SELECT * FROM employees
2023-09-07T11:02:00.783Z [info] [GET] - /employees/fetch, Status: 200, Message: Successfully fetched the employees, Request Body: {"EmpID":392,"EmpName":"Aniikesh pratap","EmpSal":67000}, Response Body: [{"EmpID":111,"EmpName":"aniket","EmpSal":65000},{"EmpID":113,"EmpName":"prajuallll","EmpSal":123456},{"EmpID":151,"EmpName":"Gaurav Mishraaaa","EmpSal":70000000},{"EmpID":190,"EmpName":"Ankita","EmpSal":45654},{"EmpID":199,"EmpName":"ayushi","EmpSal":12345676},{"EmpID":390,"EmpName":"Ankesh","EmpSal":67000},{"EmpID":391,"EmpName":"Aniikesh","EmpSal":67000},{"EmpID":392,"EmpName":"Aniikesh pratap","EmpSal":67000},{"EmpID":876,"EmpName":"Aniket patil","EmpSal":87000},{"EmpID":877,"EmpName":"Aniket patil","EmpSal":87000}]
2023-09-07T11:03:20.393Z [info] [GET] - /employees/fetch/111, Status: 200, Message: Successfully fetched the employee, Request Body: {"EmpID":392,"EmpName":"Aniikesh pratap","EmpSal":67000}, Response Body: [{"EmpID":111,"EmpName":"aniket","EmpSal":65000}]
2023-09-07T11:03:24.752Z [info] [undefined] - undefined, Status: undefined, Message: Sql Query: SELECT * FROM employees
2023-09-07T11:03:24.752Z [info] [GET] - /employees/fetch, Status: 200, Message: Successfully fetched the employees, Request Body: {"EmpID":392,"EmpName":"Aniikesh pratap","EmpSal":67000}, Response Body: [{"EmpID":111,"EmpName":"aniket","EmpSal":65000},{"EmpID":113,"EmpName":"prajuallll","EmpSal":123456},{"EmpID":151,"EmpName":"Gaurav Mishraaaa","EmpSal":70000000},{"EmpID":190,"EmpName":"Ankita","EmpSal":45654},{"EmpID":199,"EmpName":"ayushi","EmpSal":12345676},{"EmpID":390,"EmpName":"Ankesh","EmpSal":67000},{"EmpID":391,"EmpName":"Aniikesh","EmpSal":67000},{"EmpID":392,"EmpName":"Aniikesh pratap","EmpSal":67000},{"EmpID":876,"EmpName":"Aniket patil","EmpSal":87000},{"EmpID":877,"EmpName":"Aniket patil","EmpSal":87000}]
2023-09-07T11:17:21.585Z [info] [undefined] - undefined, Status: undefined, Message: Sql Query: SELECT * FROM employees WHERE EmpID = 111
2023-09-07T11:17:21.586Z [info] [GET] - /employees/fetch/111, Status: 200, Message: Successfully fetched the employee, Request Body: {"EmpID":392,"EmpName":"Aniikesh pratap","EmpSal":67000}, Response Body: [{"EmpID":111,"EmpName":"aniket","EmpSal":65000}]
2023-09-07T11:17:53.035Z [info] [undefined] - undefined, Status: undefined, Message: Sql Query: UPDATE employees SET EmpName =aniketss , EmpSal =65000 ? WHERE EmpID = 111
2023-09-07T11:17:53.035Z [error] [PUT] - /employees/update/111, Status: 500, Message: Error while updating employee, Error: You have an error in your SQL syntax; check the manual that corresponds to your MySQL server version for the right syntax to use near '? WHERE EmpID = 111' at line 1, Request Body: {"EmpID":111,"EmpName":"aniketss","EmpSal":65000}
2023-09-07T11:19:57.439Z [info] [undefined] - undefined, Status: undefined, Message: Sql Query: UPDATE employees SET EmpName =aniketss , EmpSal =65000 WHERE EmpID = 111
2023-09-07T11:19:57.440Z [error] [PUT] - /employees/update/111, Status: 500, Message: Error while updating employee, Error: Unknown column 'aniketss' in 'field list', Request Body: {"EmpID":111,"EmpName":"aniketss","EmpSal":65000}
2023-09-07T11:21:19.669Z [info] [undefined] - undefined, Status: undefined, Message: Sql Query: INSERT INTO employees (EmpID, EmpName, EmpSal) VALUES (1111, 'aniketss', 65000)
2023-09-07T11:21:19.669Z [info] [POST] - /employees/insert, Status: 200, Message: Employee inserted successfully, Request Body: {"EmpID":1111,"EmpName":"aniketss","EmpSal":65000}, Response Body: {}
2023-09-07T11:22:28.399Z [info] [undefined] - undefined, Status: undefined, Message: Sql Query: UPDATE employees SET EmpName ='aniketsssss' , EmpSal =65000 WHERE EmpID = 1111
2023-09-07T11:22:28.400Z [info] [PUT] - /employees/update/1111, Status: 200, Message: Employee updated successfully, Request Body: {"EmpID":1111,"EmpName":"aniketsssss","EmpSal":65000}
2023-09-07T12:08:14.873Z [info] [undefined] - undefined, Status: undefined, Message: Sql Query: SELECT * FROM employees
2023-09-07T12:08:14.874Z [info] [GET] - /employees/fetch, Status: 200, Message: Successfully fetched the employees, Request Body: {"EmpID":1111,"EmpName":"aniketsssss","EmpSal":65000}, Response Body: [{"EmpID":111,"EmpName":"aniket","EmpSal":65000},{"EmpID":113,"EmpName":"prajuallll","EmpSal":123456},{"EmpID":151,"EmpName":"Gaurav Mishraaaa","EmpSal":70000000},{"EmpID":190,"EmpName":"Ankita","EmpSal":45654},{"EmpID":199,"EmpName":"ayushi","EmpSal":12345676},{"EmpID":390,"EmpName":"Ankesh","EmpSal":67000},{"EmpID":391,"EmpName":"Aniikesh","EmpSal":67000},{"EmpID":392,"EmpName":"Aniikesh pratap","EmpSal":67000},{"EmpID":876,"EmpName":"Aniket patil","EmpSal":87000},{"EmpID":877,"EmpName":"Aniket patil","EmpSal":87000},{"EmpID":1111,"EmpName":"aniketsssss","EmpSal":65000}]
2023-09-08T08:54:03.813Z [info] [undefined] - undefined, Status: undefined, Message: Sql Query: SELECT * FROM employees WHERE EmpID = 111
2023-09-08T08:54:03.814Z [info] [GET] - /employees/fetch/111, Status: 200, Message: Successfully fetched the employee, Request Body: {"EmpID":1127,"EmpName":"virayy","EmpSal":8888877}, Response Body: [{"EmpID":111,"EmpName":"aniket","EmpSal":65000}]
2023-09-13T10:11:39.525Z [info] , Message: Sql Query: SELECT * FROM employees
2023-09-13T10:11:39.526Z [info] , Method: [GET], URL: /employees/fetch, Status Code: 200, Request Body: {}, Response Body: [{"EmpID":111,"EmpName":"aniket","EmpSal":65000},{"EmpID":190,"EmpName":"Ankita","EmpSal":45654},{"EmpID":199,"EmpName":"ayushi","EmpSal":12345676},{"EmpID":390,"EmpName":"Ankesh","EmpSal":67000},{"EmpID":391,"EmpName":"Aniikesh","EmpSal":67000},{"EmpID":876,"EmpName":"Aniket patil","EmpSal":87000},{"EmpID":877,"EmpName":"Aniket patil","EmpSal":87000},{"EmpID":1111,"EmpName":"aniketsssss","EmpSal":65000},{"EmpID":1117,"EmpName":"virayy","EmpSal":8888877},{"EmpID":1127,"EmpName":"virauyt","EmpSal":88888774},{"EmpID":11248,"EmpName":"virasdaauyt","EmpSal":88888774},{"EmpID":11267,"EmpName":"virasdaauyt","EmpSal":88888774},{"EmpID":11277,"EmpName":"virasdaauyt","EmpSal":88888774},{"EmpID":11297,"EmpName":"virasdaauyt","EmpSal":88888774},{"EmpID":11298,"EmpName":"virasdaauyt","EmpSal":88888774},{"EmpID":11348,"EmpName":"visrasdaauyt","EmpSal":88888774},{"EmpID":11448,"EmpName":"virasdaauyt","EmpSal":88888774},{"EmpID":15348,"EmpName":"visrasdaauyt","EmpSal":88888774}], Message: Successfully fetched the employees
2023-09-13T10:29:30.099Z [info] , Message: Sql Query: UPDATE employees SET EmpName ='aniket' , EmpSal =70000 WHERE EmpID = 111
2023-09-13T10:29:30.100Z [info] , Method: [PUT], URL: /employees/update/111, Status Code: 200, Request Body: {"EmpID":111,"EmpName":"aniket","EmpSal":70000}, Message: Employee updated successfully
