2023-09-13 17:28:05 [info] , Message: Sql Query: Select id,first_name,last_name,gender,email,number from registration
2023-09-13 17:28:05 [info] , Method: [GET], URL: /, Status Code: 200, Request Body: {"EmpID":111,"EmpName":"aniket","EmpSal":70000}, Response Body: [{"id":1,"first_name":"Gaurav","last_name":"Mishra","gender":"Male","email":"gaurav.iaf001@gmail.com","number":7869923176},{"id":2,"first_name":"Sauravb","last_name":"Mishrad","gender":"Male","email":"saurav.iaf002@gmail.com","number":7869923177},{"id":3,"first_name":"Saurabhjdp","last_name":"Mishra","gender":"Male","email":"saurav.iaf005@gmail.com","number":73737373873},{"id":5,"first_name":"shubh","last_name":"Mishraa","gender":"Male","email":"shubham.iaf002@gmail.com","number":7548786489},{"id":7,"first_name":"shivay","last_name":"Mishraa","gender":"Male","email":"shivay@gmail.com","number":7548786489},{"id":27,"first_name":"vishwesh","last_name":"tak","gender":"Male","email":"vishwesh@gmail.com","number":9877262623},{"id":28,"first_name":"vishwesha","last_name":"taak","gender":"Male","email":"vishweshss@gmail.com","number":9877262623},{"id":29,"first_name":"vish","last_name":"taak","gender":"Me","email":"vishwss@gmail.com","number":9877262623}], Message: Successfully fetched the users
2023-09-13 17:33:45 [info] , Message: Sql Query: Select id,first_name,last_name,gender,email,number from registration
2023-09-13 17:40:10 [info] , Message: Sql Query: Select id,first_name,last_name,gender,email,number from registration
2023-09-13 17:40:10 [info] , Method: [GET], URL: /, Status Code: 200, Request Body: {"EmpID":111,"EmpName":"aniket","EmpSal":70000}, Response Body: [{"id":1,"first_name":"Gaurav","last_name":"Mishra","gender":"Male","email":"gaurav.iaf001@gmail.com","number":7869923176},{"id":2,"first_name":"Sauravb","last_name":"Mishrad","gender":"Male","email":"saurav.iaf002@gmail.com","number":7869923177},{"id":3,"first_name":"Saurabhjdp","last_name":"Mishra","gender":"Male","email":"saurav.iaf005@gmail.com","number":73737373873},{"id":5,"first_name":"shubh","last_name":"Mishraa","gender":"Male","email":"shubham.iaf002@gmail.com","number":7548786489},{"id":7,"first_name":"shivay","last_name":"Mishraa","gender":"Male","email":"shivay@gmail.com","number":7548786489},{"id":27,"first_name":"vishwesh","last_name":"tak","gender":"Male","email":"vishwesh@gmail.com","number":9877262623},{"id":28,"first_name":"vishwesha","last_name":"taak","gender":"Male","email":"vishweshss@gmail.com","number":9877262623},{"id":29,"first_name":"vish","last_name":"taak","gender":"Me","email":"vishwss@gmail.com","number":9877262623}], Message: Successfully fetched the users
2023-09-13 17:49:02 [error] , Method: [POST], URL: /api/, Error: logger is not defined, Status Code: 500, Request Body: {"first_name":"mishra","last_name":"gaurav","gender":"Male","email":"gaurav.iaf002@gmail.com","password":"$2b$10$xqqVRQZlm0B4MLpuzCWmJuXZRoYjbkV2jTQ42bv0mFZkZJfBaUMVW","number":7869923179}, Message: Error while inserting user
2023-09-13 17:50:38 [error] , Method: [POST], URL: /api/, Error: sqlQueryInsert is not defined, Status Code: 500, Request Body: {"first_name":"mishra","last_name":"gaurav","gender":"Male","email":"gaurav.iaf002@gmail.com","password":"$2b$10$qHTEYVsTKgwPeJlWJg5xHu3enL9zADAVGx6WGySKeOnzIeDyXMqxa","number":7869923179}, Message: Error while inserting user
2023-09-13 17:52:21 [info] , Message: Sql Query: Select id,first_name,last_name,gender,email,number from registration
2023-09-13 17:52:21 [info] , Method: [GET], URL: /api/, Status Code: 200, Request Body: {"first_name":"mishra","last_name":"gaurav","gender":"Male","email":"gaurav.iaf002@gmail.com","password":"Shiv@123","number":7869923179}, Response Body: [{"id":1,"first_name":"Gaurav","last_name":"Mishra","gender":"Male","email":"gaurav.iaf001@gmail.com","number":7869923176},{"id":2,"first_name":"Sauravb","last_name":"Mishrad","gender":"Male","email":"saurav.iaf002@gmail.com","number":7869923177},{"id":3,"first_name":"Saurabhjdp","last_name":"Mishra","gender":"Male","email":"saurav.iaf005@gmail.com","number":73737373873},{"id":5,"first_name":"shubh","last_name":"Mishraa","gender":"Male","email":"shubham.iaf002@gmail.com","number":7548786489},{"id":7,"first_name":"shivay","last_name":"Mishraa","gender":"Male","email":"shivay@gmail.com","number":7548786489},{"id":27,"first_name":"vishwesh","last_name":"tak","gender":"Male","email":"vishwesh@gmail.com","number":9877262623},{"id":28,"first_name":"vishwesha","last_name":"taak","gender":"Male","email":"vishweshss@gmail.com","number":9877262623},{"id":29,"first_name":"vish","last_name":"taak","gender":"Me","email":"vishwss@gmail.com","number":9877262623}], Message: Successfully fetched the users
2023-09-13 17:52:26 [error] , Message: Sql Query: Select id,first_name,last_name,gender,email,number from registration where id = ?
2023-09-13 17:52:26 [error] , Method: [GET], URL: /api/1, Error: You have an error in your SQL syntax; check the manual that corresponds to your MySQL server version for the right syntax to use near '?' at line 1, Status Code: 500, Request Body: {"first_name":"mishra","last_name":"gaurav","gender":"Male","email":"gaurav.iaf002@gmail.com","password":"Shiv@123","number":7869923179}, Message: Error while fetching User
2023-09-13 17:53:15 [info] , Message: Sql Query: Select id,first_name,last_name,gender,email,number from registration where id = 1
2023-09-13 17:53:15 [info] , Method: [GET], URL: /api/1, Status Code: 200, Request Body: {"first_name":"mishra","last_name":"gaurav","gender":"Male","email":"gaurav.iaf002@gmail.com","password":"Shiv@123","number":7869923179}, Response Body: [{"id":1,"first_name":"Gaurav","last_name":"Mishra","gender":"Male","email":"gaurav.iaf001@gmail.com","number":7869923176}], Message: Successfully fetched the User
2023-09-13 17:55:23 [info] , Message: Sql Query: INSERT INTO registration (first_name, last_name, gender, email, password, number) VALUES ('mishra', 'gaurav', 'Male', 'gaurav.iaf002@gmail.com', '$2b$10$eBQL8Bd3M1tmiGpcjywtUOwWydbpjr7Xr7e4P1FK0Ysa5HHcae7aC', 7869923179)
2023-09-13 17:55:23 [info] , Method: [POST], URL: /api/, Status Code: 200, Request Body: {"first_name":"mishra","last_name":"gaurav","gender":"Male","email":"gaurav.iaf002@gmail.com","password":"$2b$10$eBQL8Bd3M1tmiGpcjywtUOwWydbpjr7Xr7e4P1FK0Ysa5HHcae7aC","number":7869923179}, Response Body: {"fieldCount":0,"affectedRows":1,"insertId":30,"info":"","serverStatus":2,"warningStatus":0,"changedRows":0}, Message: User registered successfully
2023-09-13 17:59:52 [info] , Message: Sql Query: Select id,first_name,last_name,gender,email,number from registration
2023-09-13 17:59:52 [info] , Method: [GET], URL: /api/, Status Code: 200, Request Body: {"first_name":"mishra","last_name":"gaurav","gender":"Male","email":"gaurav.iaf002@gmail.com","password":"Shiv@123","number":7869923179}, Response Body: [{"id":1,"first_name":"Gaurav","last_name":"Mishra","gender":"Male","email":"gaurav.iaf001@gmail.com","number":7869923176},{"id":2,"first_name":"Sauravb","last_name":"Mishrad","gender":"Male","email":"saurav.iaf002@gmail.com","number":7869923177},{"id":3,"first_name":"Saurabhjdp","last_name":"Mishra","gender":"Male","email":"saurav.iaf005@gmail.com","number":73737373873},{"id":5,"first_name":"shubh","last_name":"Mishraa","gender":"Male","email":"shubham.iaf002@gmail.com","number":7548786489},{"id":7,"first_name":"shivay","last_name":"Mishraa","gender":"Male","email":"shivay@gmail.com","number":7548786489},{"id":27,"first_name":"vishwesh","last_name":"tak","gender":"Male","email":"vishwesh@gmail.com","number":9877262623},{"id":28,"first_name":"vishwesha","last_name":"taak","gender":"Male","email":"vishweshss@gmail.com","number":9877262623},{"id":29,"first_name":"vish","last_name":"taak","gender":"Me","email":"vishwss@gmail.com","number":9877262623},{"id":30,"first_name":"mishra","last_name":"gaurav","gender":"Male","email":"gaurav.iaf002@gmail.com","number":7869923179}], Message: Successfully fetched the users
2023-09-13 18:00:30 [error] , Method: [PUT], URL: /api/30, Error: UserModelModel is not defined, Status Code: 500, Request Body: {"first_name":"mishra","last_name":"gaurav","gender":"Male","email":"gaurav.iaf003@gmail.com","password":"Shiv@123","number":7869923179}, Message: Error while updating User
2023-09-13 18:01:40 [info] , Message: Sql Query: UPDATE registration SET first_name ='mishra', last_name ='gaurav', gender = 'Male', email ='gaurav.iaf003@gmail.com',password ='Shiv@123', number =7869923179 WHERE id = 30
2023-09-13 18:01:40 [info] , Method: [PUT], URL: /api/30, Status Code: 200, Request Body: {"first_name":"mishra","last_name":"gaurav","gender":"Male","email":"gaurav.iaf003@gmail.com","password":"Shiv@123","number":7869923179}, Message: User updated successfully
2023-09-13 18:02:22 [error] , Message: Sql Query: delete from registration where id = ?
2023-09-13 18:02:22 [error] , Method: [DELETE], URL: /api/29, Error: You have an error in your SQL syntax; check the manual that corresponds to your MySQL server version for the right syntax to use near '?' at line 1, Status Code: 500, Request Body: {"first_name":"mishra","last_name":"gaurav","gender":"Male","email":"gaurav.iaf003@gmail.com","password":"Shiv@123","number":7869923179}, Message: Error while deleting User
2023-09-13 18:02:55 [info] , Message: Sql Query: delete from registration where id = 29
2023-09-13 18:02:55 [info] , Method: [DELETE], URL: /api/29, Status Code: 200, Request Body: {"first_name":"mishra","last_name":"gaurav","gender":"Male","email":"gaurav.iaf003@gmail.com","password":"Shiv@123","number":7869923179}, Response Body: true, Message: User deleted successfully
2023-09-13 18:07:10 [error] , Method: [POST], URL: /api/login, Status Code: 200, Request Body: {"email":"gaurav.iaf003@gmail.com","password":"Shiv@123"}, Message: Users Deleted successfully.
2023-09-13 18:08:44 [error] , Method: [POST], URL: /api/login, Status Code: 200, Request Body: {"email":"gaurav.iaf003@gmail.com","password":"Shiv@123"}, Message: Users Deleted successfully.
2023-09-13 18:10:04 [error] , Method: [POST], URL: /api/login, Status Code: 200, Request Body: {"email":"gaurav.iaf003@gmail.com","password":"Shiv@123"}, Message: Users Deleted successfully.
2023-09-13 18:16:31 [error] , Message: select * from registration where email =gaurav.iaf003@gmail.com
2023-09-13 18:16:31 [error] , Method: [POST], URL: /api/login, Error: User not found, Status Code: 404, Request Body: {"email":"gaurav.iaf003@gmail.com","password":"Shiv@123"}, Message: User not found
2023-09-13 18:24:54 [error] , Message: select * from registration where email =gaurav.iaf003@gmail.com
2023-09-13 18:24:54 [error] , Method: [POST], URL: /api/login, Error: User not found, Status Code: 404, Request Body: {"email":"gaurav.iaf003@gmail.com","password":"Shiv@123"}, Message: User not found
2023-09-13 18:25:28 [info] , Message: Sql Query: INSERT INTO registration (first_name, last_name, gender, email, password, number) VALUES ('mishra', 'shivay', 'Male', 'gaurav.iaf004@gmail.com', '$2b$10$gCQL6J7n/frT9WCG3fYaju2yHDqQyySOInyseT5BUTIp019Lsnp2i', 7869923179)
2023-09-13 18:25:28 [info] , Method: [POST], URL: /api/, Status Code: 200, Request Body: {"first_name":"mishra","last_name":"shivay","gender":"Male","email":"gaurav.iaf004@gmail.com","password":"$2b$10$gCQL6J7n/frT9WCG3fYaju2yHDqQyySOInyseT5BUTIp019Lsnp2i","number":7869923179}, Response Body: {"fieldCount":0,"affectedRows":1,"insertId":31,"info":"","serverStatus":2,"warningStatus":0,"changedRows":0}, Message: User registered successfully
2023-09-13 18:35:21 [error] , Message: select * from registration where email =gaurav.iaf004@gmail.com
2023-09-13 18:36:35 [error] , Message: select * from registration where email =gaurav.iaf004@gmail.com
2023-09-13 18:39:09 [error] , Message: select * from registration where email =gaurav.iaf004@gmail.com
2023-09-13 18:39:36 [error] , Message: select * from registration where email =gaurav.iaf004@gmail.com
2023-09-13 18:44:35 [error] , Message: select * from registration where email =gaurav.iaf004@gmail.com
2023-09-13 18:45:28 [info] , Message: Sql Query: INSERT INTO registration (first_name, last_name, gender, email, password, number) VALUES ('Gaurav', 'Mishra', 'Male', 'gaurav.iaf007@gmail.com', '$2b$10$g2/NGdDR9mplmGo.EtvGzuvkylx3XmuZAiRYHesOszafyOmhEpkty', 7869923176)
2023-09-13 18:45:28 [info] , Method: [POST], URL: /api/, Status Code: 200, Request Body: {"first_name":"Gaurav","last_name":"Mishra","gender":"Male","email":"gaurav.iaf007@gmail.com","password":"$2b$10$g2/NGdDR9mplmGo.EtvGzuvkylx3XmuZAiRYHesOszafyOmhEpkty","number":7869923176}, Response Body: {"fieldCount":0,"affectedRows":1,"insertId":32,"info":"","serverStatus":2,"warningStatus":0,"changedRows":0}, Message: User registered successfully
2023-09-13 18:45:49 [error] , Message: select * from registration where email =gaurav.iaf007@gmail.com
2023-09-13 18:48:55 [error] , Message: select * from registration where email =gaurav.iaf007@gmail.com
2023-09-13 19:00:16 [error] , Message: select * from registration where email =gaurav.iaf007@gmail.com
2023-09-13 19:07:16 [error] , Message: select * from registration where email = gaurav.iaf007@gmail.com
2023-09-13 19:11:51 [error] , Message: select * from registration where email = 'gaurav.iaf007@gmail.com'
2023-09-13 19:11:53 [error] , Message: select * from registration where email = 'gaurav.iaf007@gmail.com'
2023-09-13 19:13:02 [error] , Message: select * from registration where email = 'gaurav.iaf007@gmail.com'
2023-09-13 19:13:02 [error] , Method: [POST], URL: /api/login, Error: (intermediate value) is not iterable, Status Code: 500, Request Body: {"email":"gaurav.iaf007@gmail.com","password":"password"}, Message: Internal server error
2023-09-13 19:14:23 [error] , Message: select * from registration where email = 'gaurav.iaf007@gmail.com'
2023-09-13 19:14:23 [error] , Method: [POST], URL: /api/login, Error: (intermediate value) is not iterable, Status Code: 500, Request Body: {"email":"gaurav.iaf007@gmail.com","password":"password"}, Message: Internal server error
2023-09-13 19:15:40 [error] , Message: select * from registration where email = 'gaurav.iaf007@gmail.com'
2023-09-13 19:15:40 [error] , Method: [POST], URL: /api/login, Error: (intermediate value) is not iterable, Status Code: 500, Request Body: {"email":"gaurav.iaf007@gmail.com","password":"password"}, Message: Internal server error
2023-09-13 19:23:01 [error] , Message: select * from registration where email = 'gaurav.iaf007@gmail.com'
