2023-09-19 15:06:36 [info] , Message: Sql Query: select * from registration where email = ?
2023-09-19 15:06:36 [info] , Method: [POST], URL: /api/login, Status Code: 200, Request Body: {"email":"vicky1@gmail.com","password":"*****"}, Response Body: "eyJhbGciOiJIUzI1NiIsInR5cCI6IkpXVCJ9.eyJ1c2VyIjp7ImlkIjozMywiZmlyc3RfbmFtZSI6InZpa3JhbSIsImxhc3RfbmFtZSI6ImthdmVkZSIsImdlbmRlciI6Ik1hbGUiLCJlbWFpbCI6InZpY2t5MUBnbWFpbC5jb20iLCJudW1iZXIiOjc4Njk5MjMxNzZ9LCJpYXQiOjE2OTUxMTYxOTYsImV4cCI6MTY5NTExOTc5Nn0.Nonu3hoa8x20KJgLBa5OlUvoYy6zgMN-5KnYOXbSRbQ", Message: User logged in successfully
2023-09-19 15:06:36 [info] , Message: Token stored in Redis
2023-09-19 15:06:58 [info] , Message: Token Retrieved from Redis
2023-09-19 15:37:18 [error] , Message: Failed to Retrieve token from Redis
2023-09-19 15:45:21 [error] , Message: Failed to Retrieve token from Redis
2023-09-19 15:53:24 [info] , Message: Sql Query: select * from registration where email = ?
2023-09-19 15:53:24 [info] , Method: [POST], URL: /api/login, Status Code: 200, Request Body: {"email":"vicky1@gmail.com","password":"*****"}, Response Body: "eyJhbGciOiJIUzI1NiIsInR5cCI6IkpXVCJ9.eyJ1c2VyIjp7ImlkIjozMywiZmlyc3RfbmFtZSI6InZpa3JhbSIsImxhc3RfbmFtZSI6ImthdmVkZSIsImdlbmRlciI6Ik1hbGUiLCJlbWFpbCI6InZpY2t5MUBnbWFpbC5jb20iLCJudW1iZXIiOjc4Njk5MjMxNzZ9LCJpYXQiOjE2OTUxMTkwMDQsImV4cCI6MTY5NTEyMjYwNH0.THdGw_A5dSGfNJcZA99S2ne1ntAdsLCiPZtjv8oVtF0", Message: User logged in successfully
2023-09-19 15:53:24 [info] , Message: Token stored in Redis
2023-09-19 15:55:28 [error] , Message: Failed to Retrieve token from Redis
2023-09-19 16:39:38 [info] , Message: Sql Query: select * from registration where email = ?
2023-09-19 16:40:04 [info] , Method: [POST], URL: /api/login, Status Code: 200, Request Body: {"email":"vicky1@gmail.com","password":"*****"}, Response Body: "eyJhbGciOiJIUzI1NiIsInR5cCI6IkpXVCJ9.eyJ1c2VyIjp7ImlkIjozMywiZmlyc3RfbmFtZSI6InZpa3JhbSIsImxhc3RfbmFtZSI6ImthdmVkZSIsImdlbmRlciI6Ik1hbGUiLCJlbWFpbCI6InZpY2t5MUBnbWFpbC5jb20iLCJudW1iZXIiOjc4Njk5MjMxNzZ9LCJpYXQiOjE2OTUxMjE3NzgsImV4cCI6MTY5NTEyNTM3OH0.owS5GcOvcPJN6X4LMDXFdCyjIwc7-nSBsPqwhZtuniY", Message: User logged in successfully
2023-09-19 16:40:12 [info] , Message: Token stored in Redis
2023-09-19 16:49:44 [info] , Message: Token Retrieved from Redis
2023-09-19 16:49:49 [info] , Message: Sql Query: Select id,first_name,last_name,gender,email,number from registration
2023-09-19 16:49:49 [info] , Method: [GET], URL: /api, Status Code: 200, Request Body: {"email":"vicky1@gmail.com","password":"password"}, Response Body: [{"id":1,"first_name":"Gaurav","last_name":"Mishra","gender":"Male","email":"gaurav.iaf001@gmail.com","number":7869923176},{"id":2,"first_name":"Sauravb","last_name":"Mishrad","gender":"Male","email":"saurav.iaf002@gmail.com","number":7869923177},{"id":3,"first_name":"Saurabhjdp","last_name":"Mishra","gender":"Male","email":"saurav.iaf005@gmail.com","number":73737373873},{"id":5,"first_name":"shubh","last_name":"Mishraa","gender":"Male","email":"shubham.iaf002@gmail.com","number":7548786489},{"id":7,"first_name":"shivay","last_name":"Mishraa","gender":"Male","email":"shivay@gmail.com","number":7548786489},{"id":28,"first_name":"vishwesha","last_name":"taak","gender":"Male","email":"vishweshss@gmail.com","number":9877262623},{"id":30,"first_name":"mishra","last_name":"gaurav","gender":"Male","email":"gaurav.iaf003@gmail.com","number":7869923179},{"id":31,"first_name":"mishra","last_name":"shivay","gender":"Male","email":"gaurav.iaf004@gmail.com","number":7869923179},{"id":32,"first_name":"Gaurav","last_name":"Mishra","gender":"Male","email":"gaurav.iaf007@gmail.com","number":7869923176},{"id":33,"first_name":"vikram","last_name":"kavede","gender":"Male","email":"vicky1@gmail.com","number":7869923176}], Message: Successfully fetched the users
2023-09-19 16:52:12 [info] , Message: Token Retrieved from Redis
2023-09-19 16:52:12 [info] , Message: Sql Query: Select id,first_name,last_name,gender,email,number from registration where id = 1
2023-09-19 16:52:12 [info] , Method: [GET], URL: /api/1, Status Code: 200, Request Body: {"email":"vicky1@gmail.com","password":"password"}, Response Body: [{"id":1,"first_name":"Gaurav","last_name":"Mishra","gender":"Male","email":"gaurav.iaf001@gmail.com","number":7869923176}], Message: Successfully fetched the User
2023-09-19 16:52:55 [info] , Message: Token Retrieved from Redis
2023-09-19 16:52:55 [info] , Message: Sql Query: UPDATE registration SET first_name ='Gaurav', last_name ='Mishra', gender = 'Male', email ='gaurav.iaf0001@gmail.com',password ='undefined', number =7869923176 WHERE id = 1
2023-09-19 16:52:55 [info] , Method: [PUT], URL: /api/1, Status Code: 200, Request Body: {"first_name":"Gaurav","last_name":"Mishra","gender":"Male","email":"gaurav.iaf0001@gmail.com","number":7869923176}, Message: User updated successfully
2023-09-19 16:53:08 [info] , Message: Token Retrieved from Redis
2023-09-19 16:53:08 [info] , Message: Sql Query: delete from registration where id = 33
2023-09-19 16:53:08 [info] , Method: [DELETE], URL: /api/33, Status Code: 200, Request Body: {"first_name":"Gaurav","last_name":"Mishra","gender":"Male","email":"gaurav.iaf0001@gmail.com","number":7869923176}, Response Body: {"fieldCount":0,"affectedRows":1,"insertId":0,"info":"","serverStatus":2,"warningStatus":0,"changedRows":0}, Message: User deleted successfully
