2023-09-20 12:24:02 [info] , Message: Sql Query: select * from registration where email = ?
2023-09-20 12:24:02 [info] , Method: [POST], URL: /api/login, Status Code: 200, Request Body: {"email":"gaurav.iaf003@gmail.com","password":"*****"}, Response Body: "eyJhbGciOiJIUzI1NiIsInR5cCI6IkpXVCJ9.eyJ1c2VyIjp7ImlkIjozMCwiZmlyc3RfbmFtZSI6Im1pc2hyYSIsImxhc3RfbmFtZSI6ImdhdXJhdiIsImdlbmRlciI6Ik1hbGUiLCJlbWFpbCI6ImdhdXJhdi5pYWYwMDNAZ21haWwuY29tIiwibnVtYmVyIjo3ODY5OTIzMTc5fSwiaWF0IjoxNjk1MTkyODQyLCJleHAiOjE2OTUxOTY0NDJ9.k3lFXaGOZpBdabEp1cLkImaO3-d_eMbFk-ouyASSRlw", Message: User logged in successfully
2023-09-20 12:24:02 [info] , Message: Token stored in Redis
2023-09-20 12:24:29 [info] , Message: Token Retrieved from Redis
2023-09-20 12:24:29 [info] , Message: Sql Query: Select id,first_name,last_name,gender,email,number from registration
2023-09-20 12:24:29 [info] , Method: [GET], URL: /api/, Status Code: 200, Request Body: {"email":"gaurav.iaf003@gmail.com","password":"Shiv@123"}, Response Body: [{"id":1,"first_name":"Gaurav","last_name":"Mishra","gender":"Male","email":"gaurav.iaf0001@gmail.com","number":7869923176},{"id":2,"first_name":"Sauravb","last_name":"Mishrad","gender":"Male","email":"saurav.iaf002@gmail.com","number":7869923177},{"id":3,"first_name":"Saurabhjdp","last_name":"Mishra","gender":"Male","email":"saurav.iaf005@gmail.com","number":73737373873},{"id":5,"first_name":"shubh","last_name":"Mishraa","gender":"Male","email":"shubham.iaf002@gmail.com","number":7548786489},{"id":7,"first_name":"shivay","last_name":"Mishraa","gender":"Male","email":"shivay@gmail.com","number":7548786489},{"id":28,"first_name":"vishwesha","last_name":"taak","gender":"Male","email":"vishweshss@gmail.com","number":9877262623},{"id":30,"first_name":"mishra","last_name":"gaurav","gender":"Male","email":"gaurav.iaf003@gmail.com","number":7869923179},{"id":31,"first_name":"mishra","last_name":"shivay","gender":"Male","email":"gaurav.iaf004@gmail.com","number":7869923179},{"id":32,"first_name":"Gaurav","last_name":"Mishra","gender":"Male","email":"gaurav.iaf007@gmail.com","number":7869923176}], Message: Successfully fetched the users
2023-09-20 12:27:46 [info] , Message: Sql Query: INSERT INTO registration (first_name, last_name, gender, email, password, number) VALUES ('trqrqt', 'sadaada', 'Male', 'gaurav.iaf0007@gmail.com', '[object Promise]', 7869923165)
2023-09-20 12:27:46 [info] , Method: [POST], URL: /api/, Status Code: 200, Request Body: {"first_name":"trqrqt","last_name":"sadaada","gender":"Male","email":"gaurav.iaf0007@gmail.com","password":{},"number":7869923165}, Response Body: {"fieldCount":0,"affectedRows":1,"insertId":34,"info":"","serverStatus":2,"warningStatus":0,"changedRows":0}, Message: User registered successfully
2023-09-20 12:28:50 [error] , Method: [POST], URL: /api/, Error: sqlQueryInsert is not defined, Status Code: 500, Request Body: {"email":"gaurav.iaf0007@gmail.com","password":{}}, Message: Error while inserting user
2023-09-20 12:28:57 [info] , Message: Sql Query: select * from registration where email = ?
2023-09-20 12:28:57 [info] , Method: [POST], URL: /api/login, Status Code: 200, Request Body: {"email":"gaurav.iaf0007@gmail.com","password":"*****"}, Response Body: "eyJhbGciOiJIUzI1NiIsInR5cCI6IkpXVCJ9.eyJ1c2VyIjp7ImlkIjozNCwiZmlyc3RfbmFtZSI6InRycXJxdCIsImxhc3RfbmFtZSI6InNhZGFhZGEiLCJnZW5kZXIiOiJNYWxlIiwiZW1haWwiOiJnYXVyYXYuaWFmMDAwN0BnbWFpbC5jb20iLCJudW1iZXIiOjc4Njk5MjMxNjV9LCJpYXQiOjE2OTUxOTMxMzcsImV4cCI6MTY5NTE5NjczN30.FLEUBAVozJnkqhkUv5bXgAy1XjOHpySS65t-t1fxxc0", Message: User logged in successfully
2023-09-20 12:28:57 [info] , Message: Token stored in Redis
2023-09-20 12:29:21 [info] , Message: Token Retrieved from Redis
2023-09-20 12:29:21 [info] , Message: Sql Query: Select id,first_name,last_name,gender,email,number from registration
2023-09-20 12:29:21 [info] , Method: [GET], URL: /api/, Status Code: 200, Request Body: {"email":"gaurav.iaf0007@gmail.com","password":"password"}, Response Body: [{"id":1,"first_name":"Gaurav","last_name":"Mishra","gender":"Male","email":"gaurav.iaf0001@gmail.com","number":7869923176},{"id":2,"first_name":"Sauravb","last_name":"Mishrad","gender":"Male","email":"saurav.iaf002@gmail.com","number":7869923177},{"id":3,"first_name":"Saurabhjdp","last_name":"Mishra","gender":"Male","email":"saurav.iaf005@gmail.com","number":73737373873},{"id":5,"first_name":"shubh","last_name":"Mishraa","gender":"Male","email":"shubham.iaf002@gmail.com","number":7548786489},{"id":7,"first_name":"shivay","last_name":"Mishraa","gender":"Male","email":"shivay@gmail.com","number":7548786489},{"id":28,"first_name":"vishwesha","last_name":"taak","gender":"Male","email":"vishweshss@gmail.com","number":9877262623},{"id":30,"first_name":"mishra","last_name":"gaurav","gender":"Male","email":"gaurav.iaf003@gmail.com","number":7869923179},{"id":31,"first_name":"mishra","last_name":"shivay","gender":"Male","email":"gaurav.iaf004@gmail.com","number":7869923179},{"id":32,"first_name":"Gaurav","last_name":"Mishra","gender":"Male","email":"gaurav.iaf007@gmail.com","number":7869923176},{"id":34,"first_name":"trqrqt","last_name":"sadaada","gender":"Male","email":"gaurav.iaf0007@gmail.com","number":7869923165}], Message: Successfully fetched the users
2023-09-20 12:29:26 [info] , Message: Token Retrieved from Redis
2023-09-20 12:29:26 [info] , Message: Sql Query: Select id,first_name,last_name,gender,email,number from registration where id = 2
2023-09-20 12:29:26 [info] , Method: [GET], URL: /api/2, Status Code: 200, Request Body: {"email":"gaurav.iaf0007@gmail.com","password":"password"}, Response Body: [{"id":2,"first_name":"Sauravb","last_name":"Mishrad","gender":"Male","email":"saurav.iaf002@gmail.com","number":7869923177}], Message: Successfully fetched the User
2023-09-20 12:29:34 [info] , Message: Token Retrieved from Redis
2023-09-20 12:29:34 [info] , Message: Sql Query: delete from registration where id = 2
2023-09-20 12:29:34 [info] , Method: [DELETE], URL: /api/2, Status Code: 200, Request Body: {"email":"gaurav.iaf0007@gmail.com","password":"password"}, Response Body: {"fieldCount":0,"affectedRows":1,"insertId":0,"info":"","serverStatus":2,"warningStatus":0,"changedRows":0}, Message: User deleted successfully
2023-09-20 12:33:10 [info] , Message: Sql Query: select * from registration where email = ?
2023-09-20 12:33:10 [info] , Method: [POST], URL: /api/login, Status Code: 200, Request Body: {"email":"gaurav.iaf0007@gmail.com","password":"******"}, Response Body: "eyJhbGciOiJIUzI1NiIsInR5cCI6IkpXVCJ9.eyJ1c2VyIjp7ImlkIjozNCwiZmlyc3RfbmFtZSI6InRycXJxdCIsImxhc3RfbmFtZSI6InNhZGFhZGEiLCJnZW5kZXIiOiJNYWxlIiwiZW1haWwiOiJnYXVyYXYuaWFmMDAwN0BnbWFpbC5jb20iLCJudW1iZXIiOjc4Njk5MjMxNjV9LCJpYXQiOjE2OTUxOTMzOTAsImV4cCI6MTY5NTE5Njk5MH0.YbsE9G2SAT0n5lmh-ikeP7ieMRcNPt42K6V2GFoDM8g", Message: User logged in successfully
2023-09-20 12:33:10 [info] , Message: Token stored in Redis
