2023-09-14 10:59:57 [error] , Message: select * from registration where email = 'undefined'
2023-09-14 11:00:51 [error] , Message: select * from registration where email = 'gaurav.iaf007@gmail.com'
2023-09-14 11:01:26 [error] , Message: select * from registration where email = 'g'
2023-09-14 11:04:31 [error] , Message: Sql Query: select * from registration where email = 'g'
2023-09-14 11:07:59 [error] , Message: Sql Query: Select id,first_name,last_name,gender,email,number from registration where id = 30
2023-09-14 11:07:59 [error] , Method: [GET], URL: /api/30, Error: (intermediate value) is not iterable, Status Code: 500, Request Body: {"email":"gaurav.iaf007@gmail.com","password":"password"}, Message: Error while fetching User
2023-09-14 11:09:20 [error] , Message: Sql Query: Select id,first_name,last_name,gender,email,number from registration
2023-09-14 11:09:20 [error] , Method: [GET], URL: /api, Error: (intermediate value) is not iterable, Status Code: 500, Request Body: {"email":"gaurav.iaf007@gmail.com","password":"password"}, Message: Error while fetching User
2023-09-14 11:09:22 [error] , Message: Sql Query: Select id,first_name,last_name,gender,email,number from registration
2023-09-14 11:09:22 [error] , Method: [GET], URL: /api, Error: (intermediate value) is not iterable, Status Code: 500, Request Body: {"email":"gaurav.iaf007@gmail.com","password":"password"}, Message: Error while fetching User
2023-09-14 11:09:25 [error] , Message: Sql Query: Select id,first_name,last_name,gender,email,number from registration
2023-09-14 11:09:25 [error] , Method: [GET], URL: /api, Error: (intermediate value) is not iterable, Status Code: 500, Request Body: {"email":"gaurav.iaf007@gmail.com","password":"password"}, Message: Error while fetching User
2023-09-14 11:09:48 [error] , Message: Sql Query: Select id,first_name,last_name,gender,email,number from registration
2023-09-14 11:09:48 [error] , Method: [GET], URL: /api, Error: (intermediate value) is not iterable, Status Code: 500, Request Body: {}, Message: Error while fetching User
2023-09-14 11:09:49 [error] , Message: Sql Query: Select id,first_name,last_name,gender,email,number from registration
2023-09-14 11:09:49 [error] , Method: [GET], URL: /api, Error: (intermediate value) is not iterable, Status Code: 500, Request Body: {}, Message: Error while fetching User
2023-09-14 11:09:58 [error] , Message: Sql Query: Select id,first_name,last_name,gender,email,number from registration
2023-09-14 11:09:58 [error] , Method: [GET], URL: /api, Error: (intermediate value) is not iterable, Status Code: 500, Request Body: {}, Message: Error while fetching User
2023-09-14 11:13:02 [error] , Message: Sql Query: SELECT * FROM employees
2023-09-14 11:13:13 [error] , Message: Sql Query: SELECT * FROM employees
2023-09-14 11:14:03 [error] , Message: Sql Query: SELECT * FROM employees
2023-09-14 11:14:43 [error] , Message: Sql Query: SELECT * FROM employees
2023-09-14 11:14:43 [error] , Method: [GET], URL: /api/employees/fetch, Error: (intermediate value) is not iterable, Status Code: 500, Request Body: {}, Message: Error while fetching employees
2023-09-14 11:19:52 [error] , Message: Sql Query: Select id,first_name,last_name,gender,email,number from registration
2023-09-14 11:19:52 [error] , Method: [GET], URL: /api/, Error: (intermediate value) is not iterable, Status Code: 500, Request Body: {}, Message: Error while fetching User
2023-09-14 11:20:26 [info] , Message: Sql Query: Select id,first_name,last_name,gender,email,number from registration
2023-09-14 11:20:26 [error] , Method: [GET], URL: /api/, Error: Converting circular structure to JSON
    --> starting at object with constructor 'Query'
    |     property '_timer' -> object with constructor 'Timer'
    --- property '_object' closes the circle, Status Code: 500, Request Body: {}, Message: Error while fetching User
2023-09-14 11:21:40 [info] , Message: Sql Query: Select id,first_name,last_name,gender,email,number from registration
2023-09-14 11:21:40 [error] , Method: [GET], URL: /api/, Error: Converting circular structure to JSON
    --> starting at object with constructor 'Query'
    |     property '_timer' -> object with constructor 'Timer'
    --- property '_object' closes the circle, Status Code: 500, Request Body: {}, Message: Error while fetching User
2023-09-14 11:23:28 [info] , Message: Sql Query: Select id,first_name,last_name,gender,email,number from registration
2023-09-14 11:23:28 [info] , Method: [GET], URL: /api/, Status Code: 200, Request Body: {}, Message: Successfully fetched the users
2023-09-14 11:25:02 [info] , Message: Sql Query: Select id,first_name,last_name,gender,email,number from registration
2023-09-14 11:25:43 [info] , Message: Sql Query: Select id,first_name,last_name,gender,email,number from registration
2023-09-14 11:27:42 [error] , Message: Sql Query: Select id,first_name,last_name,gender,email,number from registration
2023-09-14 11:27:42 [error] , Method: [GET], URL: /api/, Error: db.promise is not a function, Status Code: 500, Request Body: {}, Message: Error while fetching User
2023-09-14 11:28:31 [error] , Message: Sql Query: Select id,first_name,last_name,gender,email,number from registration
2023-09-14 11:28:31 [error] , Method: [GET], URL: /api/, Error: db.promise is not a function, Status Code: 500, Request Body: {}, Message: Error while fetching User
2023-09-14 11:30:14 [info] , Message: Sql Query: Select id,first_name,last_name,gender,email,number from registration
2023-09-14 11:30:21 [info] , Method: [GET], URL: /api/, Status Code: 200, Request Body: {}, Response Body: [{"id":1,"first_name":"Gaurav","last_name":"Mishra","gender":"Male","email":"gaurav.iaf001@gmail.com","number":7869923176},{"id":2,"first_name":"Sauravb","last_name":"Mishrad","gender":"Male","email":"saurav.iaf002@gmail.com","number":7869923177},{"id":3,"first_name":"Saurabhjdp","last_name":"Mishra","gender":"Male","email":"saurav.iaf005@gmail.com","number":73737373873},{"id":5,"first_name":"shubh","last_name":"Mishraa","gender":"Male","email":"shubham.iaf002@gmail.com","number":7548786489},{"id":7,"first_name":"shivay","last_name":"Mishraa","gender":"Male","email":"shivay@gmail.com","number":7548786489},{"id":27,"first_name":"vishwesh","last_name":"tak","gender":"Male","email":"vishwesh@gmail.com","number":9877262623},{"id":28,"first_name":"vishwesha","last_name":"taak","gender":"Male","email":"vishweshss@gmail.com","number":9877262623},{"id":30,"first_name":"mishra","last_name":"gaurav","gender":"Male","email":"gaurav.iaf003@gmail.com","number":7869923179},{"id":31,"first_name":"mishra","last_name":"shivay","gender":"Male","email":"gaurav.iaf004@gmail.com","number":7869923179},{"id":32,"first_name":"Gaurav","last_name":"Mishra","gender":"Male","email":"gaurav.iaf007@gmail.com","number":7869923176}], Message: Successfully fetched the users
2023-09-14 11:31:39 [error] , Message: Sql Query: Select id,first_name,last_name,gender,email,number from registration where id = 1
2023-09-14 11:31:39 [error] , Method: [GET], URL: /api/1, Error: You have tried to call .then(), .catch(), or invoked await on the result of query that is not a promise, which is a programming error. Try calling con.promise().query(), or require('mysql2/promise') instead of 'mysql2' for a promise-compatible version of the query interface. To learn how to use async/await or Promises check out documentation at https://www.npmjs.com/package/mysql2#using-promise-wrapper, or the mysql2 documentation at https://github.com/sidorares/node-mysql2/tree/master/documentation/en/Promise-Wrapper.md, Status Code: 500, Request Body: {}, Message: Error while fetching User
2023-09-14 11:32:21 [error] , Message: Sql Query: Select id,first_name,last_name,gender,email,number from registration where id = 1
2023-09-14 11:32:21 [error] , Method: [GET], URL: /api/1, Error: You have tried to call .then(), .catch(), or invoked await on the result of query that is not a promise, which is a programming error. Try calling con.promise().query(), or require('mysql2/promise') instead of 'mysql2' for a promise-compatible version of the query interface. To learn how to use async/await or Promises check out documentation at https://www.npmjs.com/package/mysql2#using-promise-wrapper, or the mysql2 documentation at https://github.com/sidorares/node-mysql2/tree/master/documentation/en/Promise-Wrapper.md, Status Code: 500, Request Body: {}, Message: Error while fetching User
2023-09-14 11:32:29 [error] , Message: Sql Query: Select id,first_name,last_name,gender,email,number from registration where id = 1
2023-09-14 11:32:29 [error] , Method: [GET], URL: /api/1, Error: You have tried to call .then(), .catch(), or invoked await on the result of query that is not a promise, which is a programming error. Try calling con.promise().query(), or require('mysql2/promise') instead of 'mysql2' for a promise-compatible version of the query interface. To learn how to use async/await or Promises check out documentation at https://www.npmjs.com/package/mysql2#using-promise-wrapper, or the mysql2 documentation at https://github.com/sidorares/node-mysql2/tree/master/documentation/en/Promise-Wrapper.md, Status Code: 500, Request Body: {}, Message: Error while fetching User
2023-09-14 11:33:44 [error] , Message: Sql Query: Select id,first_name,last_name,gender,email,number from registration where id = 1
2023-09-14 11:33:44 [error] , Method: [GET], URL: /api/1, Error: You have tried to call .then(), .catch(), or invoked await on the result of query that is not a promise, which is a programming error. Try calling con.promise().query(), or require('mysql2/promise') instead of 'mysql2' for a promise-compatible version of the query interface. To learn how to use async/await or Promises check out documentation at https://www.npmjs.com/package/mysql2#using-promise-wrapper, or the mysql2 documentation at https://github.com/sidorares/node-mysql2/tree/master/documentation/en/Promise-Wrapper.md, Status Code: 500, Request Body: {}, Message: Error while fetching User
2023-09-14 11:34:10 [info] , Message: Sql Query: Select id,first_name,last_name,gender,email,number from registration where id = 1
2023-09-14 11:34:10 [info] , Method: [GET], URL: /api/1, Status Code: 200, Request Body: {}, Response Body: [{"id":1,"first_name":"Gaurav","last_name":"Mishra","gender":"Male","email":"gaurav.iaf001@gmail.com","number":7869923176}], Message: Successfully fetched the User
2023-09-14 11:34:17 [error] , Message: Sql Query: Select id,first_name,last_name,gender,email,number from registration
2023-09-14 11:34:17 [error] , Method: [GET], URL: /api/, Error: db.promise is not a function, Status Code: 500, Request Body: {}, Message: Error while fetching User
2023-09-14 11:34:55 [info] , Message: Sql Query: Select id,first_name,last_name,gender,email,number from registration
2023-09-14 11:34:55 [info] , Method: [GET], URL: /api/, Status Code: 200, Request Body: {}, Response Body: [{"id":1,"first_name":"Gaurav","last_name":"Mishra","gender":"Male","email":"gaurav.iaf001@gmail.com","number":7869923176},{"id":2,"first_name":"Sauravb","last_name":"Mishrad","gender":"Male","email":"saurav.iaf002@gmail.com","number":7869923177},{"id":3,"first_name":"Saurabhjdp","last_name":"Mishra","gender":"Male","email":"saurav.iaf005@gmail.com","number":73737373873},{"id":5,"first_name":"shubh","last_name":"Mishraa","gender":"Male","email":"shubham.iaf002@gmail.com","number":7548786489},{"id":7,"first_name":"shivay","last_name":"Mishraa","gender":"Male","email":"shivay@gmail.com","number":7548786489},{"id":27,"first_name":"vishwesh","last_name":"tak","gender":"Male","email":"vishwesh@gmail.com","number":9877262623},{"id":28,"first_name":"vishwesha","last_name":"taak","gender":"Male","email":"vishweshss@gmail.com","number":9877262623},{"id":30,"first_name":"mishra","last_name":"gaurav","gender":"Male","email":"gaurav.iaf003@gmail.com","number":7869923179},{"id":31,"first_name":"mishra","last_name":"shivay","gender":"Male","email":"gaurav.iaf004@gmail.com","number":7869923179},{"id":32,"first_name":"Gaurav","last_name":"Mishra","gender":"Male","email":"gaurav.iaf007@gmail.com","number":7869923176}], Message: Successfully fetched the users
2023-09-14 11:40:49 [info] , Message: Sql Query: INSERT INTO registration (first_name, last_name, gender, email, password, number) VALUES ('vikram', 'kavede', 'Male', 'vicky1@gmail.com', '$2b$10$qFVXngCSHwJHi5moRAC9Au2OsSSJ78w1BSWmAmoPmzoZccJIqLW/i', 7869923176)
2023-09-14 11:40:49 [info] , Method: [POST], URL: /api/, Status Code: 200, Request Body: {"first_name":"vikram","last_name":"kavede","gender":"Male","email":"vicky1@gmail.com","password":"$2b$10$qFVXngCSHwJHi5moRAC9Au2OsSSJ78w1BSWmAmoPmzoZccJIqLW/i","number":7869923176}, Response Body: {"fieldCount":0,"affectedRows":1,"insertId":33,"info":"","serverStatus":2,"warningStatus":0,"changedRows":0}, Message: User registered successfully
2023-09-14 11:41:10 [error] , Method: [POST], URL: /api/, Error: sqlQueryInsert is not defined, Status Code: 500, Request Body: {"email":"vicky1@gmail.com","password":"$2b$10$f.ZpvhnmExK/72/EGONSn.GUAW1eQt428C3WZL2SzM689/dacZpp."}, Message: Error while inserting user
2023-09-14 11:42:22 [info] , Message: Sql Query: select * from registration where email = 'vicky1@gmail.com'
2023-09-14 11:43:40 [error] , Message: Sql Query: select * from registration where email = vicky1@gmail.com
2023-09-14 11:44:06 [info] , Message: Sql Query: select * from registration where email = 'vicky1@gmail.com'
2023-09-14 11:48:01 [info] , Message: Sql Query: select * from registration where email = 'vicky1@gmail.com'
2023-09-14 11:50:26 [info] , Message: Sql Query: select * from registration where email = 'vicky1@gmail.com'
2023-09-14 11:50:26 [error] , Method: [POST], URL: /api/login, Error: data and hash arguments required, Status Code: 500, Request Body: {"email":"vicky1@gmail.com","password":"password"}, Message: Internal server error
2023-09-14 11:50:28 [info] , Message: Sql Query: select * from registration where email = 'vicky1@gmail.com'
2023-09-14 11:50:28 [error] , Method: [POST], URL: /api/login, Error: data and hash arguments required, Status Code: 500, Request Body: {"email":"vicky1@gmail.com","password":"password"}, Message: Internal server error
2023-09-14 11:54:01 [info] , Message: Sql Query: select * from registration where email = 'vicky1@gmail.com'
2023-09-14 11:54:01 [error] , Method: [POST], URL: /api/login, Error: data and hash arguments required, Status Code: 500, Request Body: {"email":"vicky1@gmail.com","password":"password"}, Message: Internal server error
2023-09-14 12:01:51 [info] , Message: Sql Query: select * from registration where email = 'vicky1@gmail.com'
2023-09-14 12:05:28 [info] , Message: Sql Query: select * from registration where email = 'vicky1@gmail.com'
2023-09-14 12:09:35 [info] , Message: Sql Query: select * from registration where email = 'vicky1@gmail.com'
2023-09-14 12:11:03 [info] , Message: Sql Query: select * from registration where email = 'vicky1@gmail.com'
2023-09-14 12:14:21 [info] , Message: Sql Query: select * from registration where email = 'vicky1@gmail.com'
2023-09-14 12:14:21 [error] , Method: [POST], URL: /api/login, Error: data and hash arguments required, Status Code: 500, Request Body: {"email":"vicky1@gmail.com","password":"password"}, Message: Internal server error
2023-09-14 12:16:13 [info] , Message: Sql Query: select * from registration where email = 'vicky1@gmail.com'
2023-09-14 12:16:13 [error] , Method: [POST], URL: /api/login, Error: data and hash arguments required, Status Code: 500, Request Body: {"email":"vicky1@gmail.com","password":"password"}, Message: Internal server error
2023-09-14 12:22:26 [info] , Message: Sql Query: select * from registration where email = 'vicky1@gmail.com'
2023-09-14 12:22:26 [error] , Method: [POST], URL: /api/login, Error: data and hash arguments required, Status Code: 500, Request Body: {"email":"vicky1@gmail.com","password":"password"}, Message: Internal server error
2023-09-14 12:22:44 [info] , Message: Sql Query: select * from registration where email = 'vicky1@gmail.com'
2023-09-14 12:27:52 [info] , Message: Sql Query: select * from registration where email = 'vicky1@gmail.com'
2023-09-14 12:27:52 [error] , Method: [POST], URL: /api/login, Error: data and hash arguments required, Status Code: 500, Request Body: {"email":"vicky1@gmail.com","password":"password"}, Message: Internal server error
2023-09-14 12:29:17 [info] , Message: Sql Query: select * from registration where email = 'vicky1@gmail.com'
2023-09-14 14:23:20 [info] , Message: Sql Query: select * from registration where email = 'vicky1@gmail.com'
2023-09-14 14:24:08 [info] , Message: Sql Query: select * from registration where email = 'vicky1@gmail.com'
2023-09-14 14:24:08 [error] , Method: [POST], URL: /api/login, Error: data and hash arguments required, Status Code: 500, Request Body: {"email":"vicky1@gmail.com","password":"password"}, Message: Internal server error
2023-09-14 14:27:40 [error] , Method: [POST], URL: /api/login, Error: getUserByEmail is not defined, Status Code: 500, Request Body: {"email":"vicky1@gmail.com","password":"password"}, Message: Internal server error
2023-09-14 14:28:11 [info] , Message: Sql Query: select * from registration where email = 'vicky1@gmail.com'
2023-09-14 14:28:11 [error] , Method: [POST], URL: /api/login, Error: data and hash arguments required, Status Code: 500, Request Body: {"email":"vicky1@gmail.com","password":"password"}, Message: Internal server error
2023-09-14 14:29:28 [info] , Message: Sql Query: select * from registration where email = 'vicky1@gmail.com'
2023-09-14 14:29:43 [info] , Message: Sql Query: select * from registration where email = 'vicky1@gmail.com'
2023-09-14 14:31:09 [info] , Message: Sql Query: select * from registration where email = 'vicky1@gmail.com'
2023-09-14 14:31:42 [info] , Message: Sql Query: select * from registration where email = 'vicky1@gmail.com'
2023-09-14 14:36:13 [info] , Message: Sql Query: select * from registration where email = 'vicky1@gmail.com'
2023-09-14 14:36:13 [error] , Method: [POST], URL: /api/login, Error: data and hash arguments required, Status Code: 500, Request Body: {"email":"vicky1@gmail.com","password":"password"}, Message: Internal server error
2023-09-14 14:36:15 [info] , Message: Sql Query: select * from registration where email = 'vicky1@gmail.com'
2023-09-14 14:36:15 [error] , Method: [POST], URL: /api/login, Error: data and hash arguments required, Status Code: 500, Request Body: {"email":"vicky1@gmail.com","password":"password"}, Message: Internal server error
2023-09-14 14:38:56 [info] , Message: Sql Query: select * from registration where email = 'vicky1@gmail.com'
2023-09-14 14:39:15 [info] , Message: Sql Query: select * from registration where email = 'vicky1@gmail.com'
2023-09-14 14:39:31 [info] , Message: Sql Query: select * from registration where email = 'vicky1@gmail.com'
2023-09-14 14:39:33 [info] , Message: Sql Query: select * from registration where email = 'vicky1@gmail.com'
2023-09-14 14:39:42 [info] , Message: Sql Query: select * from registration where email = 'vicky1@gmail.com'
2023-09-14 14:39:43 [info] , Message: Sql Query: select * from registration where email = 'vicky1@gmail.com'
2023-09-14 14:41:03 [info] , Message: Sql Query: select * from registration where email = 'vicky1@gmail.com'
2023-09-14 14:42:50 [info] , Message: Sql Query: Select id,first_name,last_name,gender,email,number from registration
2023-09-14 14:42:50 [info] , Method: [GET], URL: /api/, Status Code: 200, Request Body: {"email":"vicky1@gmail.com","password":"password"}, Response Body: [{"id":1,"first_name":"Gaurav","last_name":"Mishra","gender":"Male","email":"gaurav.iaf001@gmail.com","number":7869923176},{"id":2,"first_name":"Sauravb","last_name":"Mishrad","gender":"Male","email":"saurav.iaf002@gmail.com","number":7869923177},{"id":3,"first_name":"Saurabhjdp","last_name":"Mishra","gender":"Male","email":"saurav.iaf005@gmail.com","number":73737373873},{"id":5,"first_name":"shubh","last_name":"Mishraa","gender":"Male","email":"shubham.iaf002@gmail.com","number":7548786489},{"id":7,"first_name":"shivay","last_name":"Mishraa","gender":"Male","email":"shivay@gmail.com","number":7548786489},{"id":27,"first_name":"vishwesh","last_name":"tak","gender":"Male","email":"vishwesh@gmail.com","number":9877262623},{"id":28,"first_name":"vishwesha","last_name":"taak","gender":"Male","email":"vishweshss@gmail.com","number":9877262623},{"id":30,"first_name":"mishra","last_name":"gaurav","gender":"Male","email":"gaurav.iaf003@gmail.com","number":7869923179},{"id":31,"first_name":"mishra","last_name":"shivay","gender":"Male","email":"gaurav.iaf004@gmail.com","number":7869923179},{"id":32,"first_name":"Gaurav","last_name":"Mishra","gender":"Male","email":"gaurav.iaf007@gmail.com","number":7869923176},{"id":33,"first_name":"vikram","last_name":"kavede","gender":"Male","email":"vicky1@gmail.com","number":7869923176}], Message: Successfully fetched the users
2023-09-14 14:45:21 [info] , Message: Sql Query: Select id,first_name,last_name,gender,email,number from registration
2023-09-14 14:45:21 [info] , Method: [GET], URL: /api/, Status Code: 200, Request Body: {"email":"vicky1@gmail.com","password":"password"}, Response Body: [{"id":1,"first_name":"Gaurav","last_name":"Mishra","gender":"Male","email":"gaurav.iaf001@gmail.com","number":7869923176},{"id":2,"first_name":"Sauravb","last_name":"Mishrad","gender":"Male","email":"saurav.iaf002@gmail.com","number":7869923177},{"id":3,"first_name":"Saurabhjdp","last_name":"Mishra","gender":"Male","email":"saurav.iaf005@gmail.com","number":73737373873},{"id":5,"first_name":"shubh","last_name":"Mishraa","gender":"Male","email":"shubham.iaf002@gmail.com","number":7548786489},{"id":7,"first_name":"shivay","last_name":"Mishraa","gender":"Male","email":"shivay@gmail.com","number":7548786489},{"id":27,"first_name":"vishwesh","last_name":"tak","gender":"Male","email":"vishwesh@gmail.com","number":9877262623},{"id":28,"first_name":"vishwesha","last_name":"taak","gender":"Male","email":"vishweshss@gmail.com","number":9877262623},{"id":30,"first_name":"mishra","last_name":"gaurav","gender":"Male","email":"gaurav.iaf003@gmail.com","number":7869923179},{"id":31,"first_name":"mishra","last_name":"shivay","gender":"Male","email":"gaurav.iaf004@gmail.com","number":7869923179},{"id":32,"first_name":"Gaurav","last_name":"Mishra","gender":"Male","email":"gaurav.iaf007@gmail.com","number":7869923176},{"id":33,"first_name":"vikram","last_name":"kavede","gender":"Male","email":"vicky1@gmail.com","number":7869923176}], Message: Successfully fetched the users
2023-09-14 14:45:44 [info] , Message: Sql Query: Select id,first_name,last_name,gender,email,number from registration
2023-09-14 14:45:44 [info] , Method: [GET], URL: /api/, Status Code: 200, Request Body: {"email":"vicky1@gmail.com","password":"password"}, Response Body: [{"id":1,"first_name":"Gaurav","last_name":"Mishra","gender":"Male","email":"gaurav.iaf001@gmail.com","number":7869923176},{"id":2,"first_name":"Sauravb","last_name":"Mishrad","gender":"Male","email":"saurav.iaf002@gmail.com","number":7869923177},{"id":3,"first_name":"Saurabhjdp","last_name":"Mishra","gender":"Male","email":"saurav.iaf005@gmail.com","number":73737373873},{"id":5,"first_name":"shubh","last_name":"Mishraa","gender":"Male","email":"shubham.iaf002@gmail.com","number":7548786489},{"id":7,"first_name":"shivay","last_name":"Mishraa","gender":"Male","email":"shivay@gmail.com","number":7548786489},{"id":27,"first_name":"vishwesh","last_name":"tak","gender":"Male","email":"vishwesh@gmail.com","number":9877262623},{"id":28,"first_name":"vishwesha","last_name":"taak","gender":"Male","email":"vishweshss@gmail.com","number":9877262623},{"id":30,"first_name":"mishra","last_name":"gaurav","gender":"Male","email":"gaurav.iaf003@gmail.com","number":7869923179},{"id":31,"first_name":"mishra","last_name":"shivay","gender":"Male","email":"gaurav.iaf004@gmail.com","number":7869923179},{"id":32,"first_name":"Gaurav","last_name":"Mishra","gender":"Male","email":"gaurav.iaf007@gmail.com","number":7869923176},{"id":33,"first_name":"vikram","last_name":"kavede","gender":"Male","email":"vicky1@gmail.com","number":7869923176}], Message: Successfully fetched the users
2023-09-14 14:45:58 [info] , Message: Sql Query: select * from registration where email = 'vicky1@gmail.com'
2023-09-14 14:58:47 [info] , Message: Sql Query: select * from registration where email = 'vicky1@gmail.com'
2023-09-14 15:04:30 [info] , Message: Sql Query: select * from registration where email = 'vicky1@gmail.com'
2023-09-14 15:13:22 [info] , Message: Sql Query: select * from registration where email = 'vicky1@gmail.com'
2023-09-14 15:13:57 [info] , Message: Sql Query: select * from registration where email = 'vicky1@gmail.com'
2023-09-14 15:15:03 [info] , Message: Sql Query: select * from registration where email = 'vicky1@gmail.com'
2023-09-14 15:17:08 [info] , Message: Sql Query: select * from registration where email = 'vicky1@gmail.com'
2023-09-14 15:23:28 [info] , Message: Sql Query: select * from registration where email = 'vicky1@gmail.com'
2023-09-14 15:29:10 [info] , Message: Sql Query: select * from registration where email = ?
2023-09-14 15:30:07 [info] , Message: Sql Query: select * from registration where email = ?
2023-09-14 15:30:07 [info] , Method: [POST], URL: /api/login, Status Code: 200, Request Body: {"email":"vicky1@gmail.com","password":"password"}, Response Body: {"id":33,"first_name":"vikram","last_name":"kavede","gender":"Male","email":"vicky1@gmail.com","number":7869923176}, Message: User logged in successfully
2023-09-14 15:31:14 [info] , Message: Sql Query: Select id,first_name,last_name,gender,email,number from registration
2023-09-14 15:31:14 [info] , Method: [GET], URL: /api/, Status Code: 200, Request Body: {"email":"vicky1@gmail.com","password":"password"}, Response Body: [{"id":1,"first_name":"Gaurav","last_name":"Mishra","gender":"Male","email":"gaurav.iaf001@gmail.com","number":7869923176},{"id":2,"first_name":"Sauravb","last_name":"Mishrad","gender":"Male","email":"saurav.iaf002@gmail.com","number":7869923177},{"id":3,"first_name":"Saurabhjdp","last_name":"Mishra","gender":"Male","email":"saurav.iaf005@gmail.com","number":73737373873},{"id":5,"first_name":"shubh","last_name":"Mishraa","gender":"Male","email":"shubham.iaf002@gmail.com","number":7548786489},{"id":7,"first_name":"shivay","last_name":"Mishraa","gender":"Male","email":"shivay@gmail.com","number":7548786489},{"id":27,"first_name":"vishwesh","last_name":"tak","gender":"Male","email":"vishwesh@gmail.com","number":9877262623},{"id":28,"first_name":"vishwesha","last_name":"taak","gender":"Male","email":"vishweshss@gmail.com","number":9877262623},{"id":30,"first_name":"mishra","last_name":"gaurav","gender":"Male","email":"gaurav.iaf003@gmail.com","number":7869923179},{"id":31,"first_name":"mishra","last_name":"shivay","gender":"Male","email":"gaurav.iaf004@gmail.com","number":7869923179},{"id":32,"first_name":"Gaurav","last_name":"Mishra","gender":"Male","email":"gaurav.iaf007@gmail.com","number":7869923176},{"id":33,"first_name":"vikram","last_name":"kavede","gender":"Male","email":"vicky1@gmail.com","number":7869923176}], Message: Successfully fetched the users
2023-09-14 21:42:44 [info] , Message: Sql Query: select * from registration where email = ?
2023-09-14 21:42:44 [info] , Method: [POST], URL: /api/login, Status Code: 200, Request Body: {"email":"vicky1@gmail.com","password":"password"}, Response Body: {"id":33,"first_name":"vikram","last_name":"kavede","gender":"Male","email":"vicky1@gmail.com","number":7869923176}, Message: User logged in successfully
2023-09-14 21:43:05 [info] , Message: Sql Query: Select id,first_name,last_name,gender,email,number from registration
2023-09-14 21:43:05 [info] , Method: [GET], URL: /api/, Status Code: 200, Request Body: {"email":"vicky1@gmail.com","password":"password"}, Response Body: [{"id":1,"first_name":"Gaurav","last_name":"Mishra","gender":"Male","email":"gaurav.iaf001@gmail.com","number":7869923176},{"id":2,"first_name":"Sauravb","last_name":"Mishrad","gender":"Male","email":"saurav.iaf002@gmail.com","number":7869923177},{"id":3,"first_name":"Saurabhjdp","last_name":"Mishra","gender":"Male","email":"saurav.iaf005@gmail.com","number":73737373873},{"id":5,"first_name":"shubh","last_name":"Mishraa","gender":"Male","email":"shubham.iaf002@gmail.com","number":7548786489},{"id":7,"first_name":"shivay","last_name":"Mishraa","gender":"Male","email":"shivay@gmail.com","number":7548786489},{"id":27,"first_name":"vishwesh","last_name":"tak","gender":"Male","email":"vishwesh@gmail.com","number":9877262623},{"id":28,"first_name":"vishwesha","last_name":"taak","gender":"Male","email":"vishweshss@gmail.com","number":9877262623},{"id":30,"first_name":"mishra","last_name":"gaurav","gender":"Male","email":"gaurav.iaf003@gmail.com","number":7869923179},{"id":31,"first_name":"mishra","last_name":"shivay","gender":"Male","email":"gaurav.iaf004@gmail.com","number":7869923179},{"id":32,"first_name":"Gaurav","last_name":"Mishra","gender":"Male","email":"gaurav.iaf007@gmail.com","number":7869923176},{"id":33,"first_name":"vikram","last_name":"kavede","gender":"Male","email":"vicky1@gmail.com","number":7869923176}], Message: Successfully fetched the users
